[0.021s] Invoking command in '/home/miriam/my_workspace/build/rviz_camera_stream': /usr/bin/cmake --build /home/miriam/my_workspace/build/rviz_camera_stream -- -j16 -l16
[0.108s] [ 16%] [34m[1mAutomatic MOC and UIC for target rviz_camera_stream[0m
[0.124s] AutoMoc warning
[0.124s] ---------------
[0.125s] "SRC:/src/camera_display.cpp"
[0.126s] includes the moc file "camera_display.moc", but does not contain a Q_OBJECT, Q_GADGET, Q_NAMESPACE or Q_NAMESPACE_EXPORT macro.
[0.126s] 
[0.143s] [ 16%] Built target rviz_camera_stream_autogen
[0.200s] [100%] Built target rviz_camera_stream
[0.220s] Invoked command in '/home/miriam/my_workspace/build/rviz_camera_stream' returned '0': /usr/bin/cmake --build /home/miriam/my_workspace/build/rviz_camera_stream -- -j16 -l16
[0.223s] Invoking command in '/home/miriam/my_workspace/build/rviz_camera_stream': /usr/bin/cmake --install /home/miriam/my_workspace/build/rviz_camera_stream
[0.235s] -- Install configuration: ""
[0.236s] -- Up-to-date: /home/miriam/my_workspace/install/rviz_camera_stream/lib/librviz_camera_stream.so
[0.236s] -- Up-to-date: /home/miriam/my_workspace/install/rviz_camera_stream/share/ament_index/resource_index/rviz_plugin_description/plugin_description.xml
[0.236s] -- Up-to-date: /home/miriam/my_workspace/install/rviz_camera_stream/share/rviz_camera_stream/config
[0.237s] -- Up-to-date: /home/miriam/my_workspace/install/rviz_camera_stream/share/rviz_camera_stream/config/rviz_camera_stream.rviz
[0.237s] -- Up-to-date: /home/miriam/my_workspace/install/rviz_camera_stream/share/rviz_camera_stream/launch
[0.237s] -- Up-to-date: /home/miriam/my_workspace/install/rviz_camera_stream/share/rviz_camera_stream/launch/demo.launch
[0.237s] -- Up-to-date: /home/miriam/my_workspace/install/rviz_camera_stream/share/ament_index/resource_index/package_run_dependencies/rviz_camera_stream
[0.237s] -- Up-to-date: /home/miriam/my_workspace/install/rviz_camera_stream/share/ament_index/resource_index/parent_prefix_path/rviz_camera_stream
[0.237s] -- Up-to-date: /home/miriam/my_workspace/install/rviz_camera_stream/share/rviz_camera_stream/environment/ament_prefix_path.sh
[0.237s] -- Up-to-date: /home/miriam/my_workspace/install/rviz_camera_stream/share/rviz_camera_stream/environment/ament_prefix_path.dsv
[0.237s] -- Up-to-date: /home/miriam/my_workspace/install/rviz_camera_stream/share/rviz_camera_stream/environment/path.sh
[0.237s] -- Up-to-date: /home/miriam/my_workspace/install/rviz_camera_stream/share/rviz_camera_stream/environment/path.dsv
[0.237s] -- Up-to-date: /home/miriam/my_workspace/install/rviz_camera_stream/share/rviz_camera_stream/local_setup.bash
[0.237s] -- Up-to-date: /home/miriam/my_workspace/install/rviz_camera_stream/share/rviz_camera_stream/local_setup.sh
[0.237s] -- Up-to-date: /home/miriam/my_workspace/install/rviz_camera_stream/share/rviz_camera_stream/local_setup.zsh
[0.237s] -- Up-to-date: /home/miriam/my_workspace/install/rviz_camera_stream/share/rviz_camera_stream/local_setup.dsv
[0.238s] -- Installing: /home/miriam/my_workspace/install/rviz_camera_stream/share/rviz_camera_stream/package.dsv
[0.238s] -- Up-to-date: /home/miriam/my_workspace/install/rviz_camera_stream/share/ament_index/resource_index/packages/rviz_camera_stream
[0.238s] -- Up-to-date: /home/miriam/my_workspace/install/rviz_camera_stream/share/rviz_camera_stream/cmake/ament_cmake_export_dependencies-extras.cmake
[0.238s] -- Up-to-date: /home/miriam/my_workspace/install/rviz_camera_stream/share/rviz_camera_stream/cmake/rviz_camera_streamConfig.cmake
[0.238s] -- Up-to-date: /home/miriam/my_workspace/install/rviz_camera_stream/share/rviz_camera_stream/cmake/rviz_camera_streamConfig-version.cmake
[0.238s] -- Up-to-date: /home/miriam/my_workspace/install/rviz_camera_stream/share/rviz_camera_stream/package.xml
[0.241s] Invoked command in '/home/miriam/my_workspace/build/rviz_camera_stream' returned '0': /usr/bin/cmake --install /home/miriam/my_workspace/build/rviz_camera_stream
