[0.023s] Invoking command in '/home/miriam/my_workspace/build/rviz_camera_stream': /usr/bin/cmake --build /home/miriam/my_workspace/build/rviz_camera_stream -- -j16 -l16
[0.065s] -- Found ament_cmake: 1.3.11 (/opt/ros/humble/share/ament_cmake/cmake)
[0.240s] -- Found rclcpp: 16.0.11 (/opt/ros/humble/share/rclcpp/cmake)
[0.278s] -- Found rosidl_generator_c: 3.1.6 (/opt/ros/humble/share/rosidl_generator_c/cmake)
[0.281s] -- Found rosidl_adapter: 3.1.6 (/opt/ros/humble/share/rosidl_adapter/cmake)
[0.288s] -- Found rosidl_generator_cpp: 3.1.6 (/opt/ros/humble/share/rosidl_generator_cpp/cmake)
[0.300s] -- Using all available rosidl_typesupport_c: rosidl_typesupport_fastrtps_c;rosidl_typesupport_introspection_c
[0.315s] -- Using all available rosidl_typesupport_cpp: rosidl_typesupport_fastrtps_cpp;rosidl_typesupport_introspection_cpp
[0.358s] -- Found rmw_implementation_cmake: 6.1.2 (/opt/ros/humble/share/rmw_implementation_cmake/cmake)
[0.359s] -- Found rmw_fastrtps_cpp: 6.2.7 (/opt/ros/humble/share/rmw_fastrtps_cpp/cmake)
[0.506s] -- Using RMW implementation 'rmw_fastrtps_cpp' as default
[0.567s] -- Found image_transport: 3.1.10 (/opt/ros/humble/share/image_transport/cmake)
[0.629s] -- Found std_srvs: 4.2.4 (/opt/ros/humble/share/std_srvs/cmake)
[0.641s] -- Found rviz_common: 11.2.14 (/opt/ros/humble/share/rviz_common/cmake)
[0.653s] -- Setting assimp_DIR to: '/opt/ros/humble/share/rviz_assimp_vendor/cmake/../../../opt/rviz_assimp_vendor/lib/cmake/assimp-4.1'
[0.658s] -- Setting OGRE_DIR to: '/opt/ros/humble/share/rviz_ogre_vendor/cmake/../../../opt/rviz_ogre_vendor/lib/OGRE/cmake'
[0.659s] -- Found OGRE
[0.659s] --   static     : OFF
[0.660s] --   components : HLMS;MeshLodGenerator;Overlay;Paging;Property;RTShaderSystem;Terrain;Volume
[0.660s] --   plugins    : Plugin_BSPSceneManager;Plugin_OctreeSceneManager;Plugin_PCZSceneManager;Plugin_ParticleFX;RenderSystem_GL;RenderSystem_GL3Plus;Codec_STBI
[0.660s] --   media      : /opt/ros/humble/opt/rviz_ogre_vendor/share/OGRE/Media
[0.660s] -- OGRE_LIBRARIES: OgreHLMS;OgreMeshLodGenerator;OgreOverlay;OgrePaging;OgreProperty;OgreRTShaderSystem;OgreTerrain;OgreVolume;OgreMain
[0.660s] -- OGRE_LIBRARY_DIRS: /opt/ros/humble/opt/rviz_ogre_vendor/lib
[0.660s] -- OGRE_PLUGINS: Plugin_BSPSceneManager;Plugin_OctreeSceneManager;Plugin_PCZSceneManager;Plugin_ParticleFX;RenderSystem_GL;RenderSystem_GL3Plus;Codec_STBI
[0.660s] -- OGRE_PLUGIN_DIR: /opt/ros/humble/opt/rviz_ogre_vendor/lib/OGRE
[0.661s] -- rviz_ogre_vendor::OgreOverlay for IMPORTED_LOCATION_RELEASE: /opt/ros/humble/opt/rviz_ogre_vendor/lib/libOgreOverlay.so
[0.661s] -- rviz_ogre_vendor::OgreOverlay for IMPORTED_LOCATION_DEBUG: /opt/ros/humble/opt/rviz_ogre_vendor/lib/libOgreOverlay.so
[0.661s] -- rviz_ogre_vendor::OgreMain for IMPORTED_LOCATION_RELEASE: /opt/ros/humble/opt/rviz_ogre_vendor/lib/libOgreMain.so
[0.661s] -- rviz_ogre_vendor::OgreMain for IMPORTED_LOCATION_DEBUG: /opt/ros/humble/opt/rviz_ogre_vendor/lib/libOgreMain.so
[0.662s] -- Could not find freeimage library
[0.764s] -- library: /usr/lib/x86_64-linux-gnu/libcurl.so
[0.781s] -- Ensuring Eigen3 include directory is part of orocos-kdl CMake target
[0.885s] -- Found example_interfaces: 0.9.3 (/opt/ros/humble/share/example_interfaces/cmake)
[1.031s] -- Configuring done
[1.270s] -- Generating done
[1.289s] -- Build files have been written to: /home/miriam/my_workspace/build/rviz_camera_stream
[1.356s] [ 16%] [34m[1mAutomatic MOC and UIC for target rviz_camera_stream[0m
[1.374s] AutoMoc warning
[1.374s] ---------------
[1.374s] "SRC:/src/camera_display.cpp"
[1.374s] includes the moc file "camera_display.moc", but does not contain a Q_OBJECT, Q_GADGET, Q_NAMESPACE or Q_NAMESPACE_EXPORT macro.
[1.375s] 
[1.829s] AutoMoc: /home/miriam/my_workspace/src/rviz_camera_stream/src/camera_display.cpp:0: Note: No relevant classes found. No output generated.
[1.847s] [ 16%] Built target rviz_camera_stream_autogen
[1.869s] [ 33%] [34m[1mGenerating include/rviz_camera_stream/moc_camera_display.cpp[0m
[1.895s] [35m[1mConsolidate compiler generated dependencies of target rviz_camera_stream[0m
[1.932s] [ 50%] [32mBuilding CXX object CMakeFiles/rviz_camera_stream.dir/src/camera_display.cpp.o[0m
[1.934s] [ 66%] [32mBuilding CXX object CMakeFiles/rviz_camera_stream.dir/include/rviz_camera_stream/moc_camera_display.cpp.o[0m
[12.652s] [ 83%] [32m[1mLinking CXX shared library librviz_camera_stream.so[0m
[17.202s] [100%] Built target rviz_camera_stream
[17.218s] Invoked command in '/home/miriam/my_workspace/build/rviz_camera_stream' returned '0': /usr/bin/cmake --build /home/miriam/my_workspace/build/rviz_camera_stream -- -j16 -l16
[17.220s] Invoking command in '/home/miriam/my_workspace/build/rviz_camera_stream': /usr/bin/cmake --install /home/miriam/my_workspace/build/rviz_camera_stream
[17.227s] -- Install configuration: ""
[17.228s] -- Installing: /home/miriam/my_workspace/install/rviz_camera_stream/lib/librviz_camera_stream.so
[17.236s] -- Set runtime path of "/home/miriam/my_workspace/install/rviz_camera_stream/lib/librviz_camera_stream.so" to ""
[17.236s] -- Installing: /home/miriam/my_workspace/install/rviz_camera_stream/share/ament_index/resource_index/rviz_plugin_description/plugin_description.xml
[17.236s] -- Up-to-date: /home/miriam/my_workspace/install/rviz_camera_stream/share/rviz_camera_stream/config
[17.236s] -- Installing: /home/miriam/my_workspace/install/rviz_camera_stream/share/rviz_camera_stream/config/rviz_camera_stream.rviz
[17.236s] -- Up-to-date: /home/miriam/my_workspace/install/rviz_camera_stream/share/rviz_camera_stream/launch
[17.237s] -- Installing: /home/miriam/my_workspace/install/rviz_camera_stream/share/rviz_camera_stream/launch/demo.launch
[17.237s] -- Up-to-date: /home/miriam/my_workspace/install/rviz_camera_stream/share/ament_index/resource_index/package_run_dependencies/rviz_camera_stream
[17.237s] -- Installing: /home/miriam/my_workspace/install/rviz_camera_stream/share/ament_index/resource_index/parent_prefix_path/rviz_camera_stream
[17.237s] -- Up-to-date: /home/miriam/my_workspace/install/rviz_camera_stream/share/rviz_camera_stream/environment/ament_prefix_path.sh
[17.237s] -- Installing: /home/miriam/my_workspace/install/rviz_camera_stream/share/rviz_camera_stream/environment/ament_prefix_path.dsv
[17.238s] -- Up-to-date: /home/miriam/my_workspace/install/rviz_camera_stream/share/rviz_camera_stream/environment/path.sh
[17.238s] -- Installing: /home/miriam/my_workspace/install/rviz_camera_stream/share/rviz_camera_stream/environment/path.dsv
[17.238s] -- Up-to-date: /home/miriam/my_workspace/install/rviz_camera_stream/share/rviz_camera_stream/local_setup.bash
[17.238s] -- Up-to-date: /home/miriam/my_workspace/install/rviz_camera_stream/share/rviz_camera_stream/local_setup.sh
[17.238s] -- Up-to-date: /home/miriam/my_workspace/install/rviz_camera_stream/share/rviz_camera_stream/local_setup.zsh
[17.238s] -- Installing: /home/miriam/my_workspace/install/rviz_camera_stream/share/rviz_camera_stream/local_setup.dsv
[17.238s] -- Installing: /home/miriam/my_workspace/install/rviz_camera_stream/share/rviz_camera_stream/package.dsv
[17.238s] -- Up-to-date: /home/miriam/my_workspace/install/rviz_camera_stream/share/ament_index/resource_index/packages/rviz_camera_stream
[17.238s] -- Up-to-date: /home/miriam/my_workspace/install/rviz_camera_stream/share/rviz_camera_stream/cmake/ament_cmake_export_dependencies-extras.cmake
[17.238s] -- Up-to-date: /home/miriam/my_workspace/install/rviz_camera_stream/share/rviz_camera_stream/cmake/rviz_camera_streamConfig.cmake
[17.238s] -- Up-to-date: /home/miriam/my_workspace/install/rviz_camera_stream/share/rviz_camera_stream/cmake/rviz_camera_streamConfig-version.cmake
[17.238s] -- Installing: /home/miriam/my_workspace/install/rviz_camera_stream/share/rviz_camera_stream/package.xml
[17.240s] Invoked command in '/home/miriam/my_workspace/build/rviz_camera_stream' returned '0': /usr/bin/cmake --install /home/miriam/my_workspace/build/rviz_camera_stream
