[0.125s] DEBUG:colcon:Command line arguments: ['/usr/bin/colcon', 'build']
[0.125s] DEBUG:colcon:Parsed command line arguments: Namespace(log_base=None, log_level=None, verb_name='build', build_base='build', install_base='install', merge_install=False, symlink_install=False, test_result_base=None, continue_on_error=False, executor='parallel', parallel_workers=16, event_handlers=None, ignore_user_meta=False, metas=['./colcon.meta'], base_paths=['.'], packages_ignore=None, packages_ignore_regex=None, paths=None, packages_up_to=None, packages_up_to_regex=None, packages_above=None, packages_above_and_dependencies=None, packages_above_depth=None, packages_select_by_dep=None, packages_skip_by_dep=None, packages_skip_up_to=None, packages_select_build_failed=False, packages_skip_build_finished=False, packages_select_test_failures=False, packages_skip_test_passed=False, packages_select=None, packages_skip=None, packages_select_regex=None, packages_skip_regex=None, packages_start=None, packages_end=None, allow_overriding=[], cmake_args=None, cmake_target=None, cmake_target_skip_unavailable=False, cmake_clean_cache=False, cmake_clean_first=False, cmake_force_configure=False, ament_cmake_args=None, catkin_cmake_args=None, catkin_skip_building_tests=False, mixin_files=None, mixin=None, verb_parser=<colcon_mixin.mixin.mixin_argument.MixinArgumentDecorator object at 0x782d9d72e740>, verb_extension=<colcon_core.verb.build.BuildVerb object at 0x782d9d72e1d0>, main=<bound method BuildVerb.main of <colcon_core.verb.build.BuildVerb object at 0x782d9d72e1d0>>, mixin_verb=('build',))
[0.318s] Level 1:colcon.colcon_core.package_discovery:discover_packages(colcon_meta) check parameters
[0.318s] Level 1:colcon.colcon_core.package_discovery:discover_packages(recursive) check parameters
[0.318s] Level 1:colcon.colcon_core.package_discovery:discover_packages(ignore) check parameters
[0.318s] Level 1:colcon.colcon_core.package_discovery:discover_packages(path) check parameters
[0.318s] Level 1:colcon.colcon_core.package_discovery:discover_packages(colcon_meta) discover
[0.318s] Level 1:colcon.colcon_core.package_discovery:discover_packages(recursive) discover
[0.318s] INFO:colcon.colcon_core.package_discovery:Crawling recursively for packages in '/home/miriam/my_workspace'
[0.318s] Level 1:colcon.colcon_core.package_identification:_identify(.) by extensions ['ignore', 'ignore_ament_install']
[0.318s] Level 1:colcon.colcon_core.package_identification:_identify(.) by extension 'ignore'
[0.318s] Level 1:colcon.colcon_core.package_identification:_identify(.) by extension 'ignore_ament_install'
[0.318s] Level 1:colcon.colcon_core.package_identification:_identify(.) by extensions ['colcon_pkg']
[0.318s] Level 1:colcon.colcon_core.package_identification:_identify(.) by extension 'colcon_pkg'
[0.318s] Level 1:colcon.colcon_core.package_identification:_identify(.) by extensions ['colcon_meta']
[0.318s] Level 1:colcon.colcon_core.package_identification:_identify(.) by extension 'colcon_meta'
[0.318s] Level 1:colcon.colcon_core.package_identification:_identify(.) by extensions ['ros']
[0.318s] Level 1:colcon.colcon_core.package_identification:_identify(.) by extension 'ros'
[0.332s] Level 1:colcon.colcon_core.package_identification:_identify(.) by extensions ['cmake', 'python']
[0.332s] Level 1:colcon.colcon_core.package_identification:_identify(.) by extension 'cmake'
[0.332s] Level 1:colcon.colcon_core.package_identification:_identify(.) by extension 'python'
[0.332s] Level 1:colcon.colcon_core.package_identification:_identify(.) by extensions ['python_setup_py']
[0.332s] Level 1:colcon.colcon_core.package_identification:_identify(.) by extension 'python_setup_py'
[0.333s] Level 1:colcon.colcon_core.package_identification:_identify(build) by extensions ['ignore', 'ignore_ament_install']
[0.333s] Level 1:colcon.colcon_core.package_identification:_identify(build) by extension 'ignore'
[0.333s] Level 1:colcon.colcon_core.package_identification:_identify(build) ignored
[0.333s] Level 1:colcon.colcon_core.package_identification:_identify(install) by extensions ['ignore', 'ignore_ament_install']
[0.333s] Level 1:colcon.colcon_core.package_identification:_identify(install) by extension 'ignore'
[0.333s] Level 1:colcon.colcon_core.package_identification:_identify(install) ignored
[0.333s] Level 1:colcon.colcon_core.package_identification:_identify(log) by extensions ['ignore', 'ignore_ament_install']
[0.333s] Level 1:colcon.colcon_core.package_identification:_identify(log) by extension 'ignore'
[0.333s] Level 1:colcon.colcon_core.package_identification:_identify(log) ignored
[0.333s] Level 1:colcon.colcon_core.package_identification:_identify(src) by extensions ['ignore', 'ignore_ament_install']
[0.333s] Level 1:colcon.colcon_core.package_identification:_identify(src) by extension 'ignore'
[0.333s] Level 1:colcon.colcon_core.package_identification:_identify(src) by extension 'ignore_ament_install'
[0.334s] Level 1:colcon.colcon_core.package_identification:_identify(src) by extensions ['colcon_pkg']
[0.334s] Level 1:colcon.colcon_core.package_identification:_identify(src) by extension 'colcon_pkg'
[0.334s] Level 1:colcon.colcon_core.package_identification:_identify(src) by extensions ['colcon_meta']
[0.334s] Level 1:colcon.colcon_core.package_identification:_identify(src) by extension 'colcon_meta'
[0.334s] Level 1:colcon.colcon_core.package_identification:_identify(src) by extensions ['ros']
[0.334s] Level 1:colcon.colcon_core.package_identification:_identify(src) by extension 'ros'
[0.334s] Level 1:colcon.colcon_core.package_identification:_identify(src) by extensions ['cmake', 'python']
[0.334s] Level 1:colcon.colcon_core.package_identification:_identify(src) by extension 'cmake'
[0.334s] Level 1:colcon.colcon_core.package_identification:_identify(src) by extension 'python'
[0.334s] Level 1:colcon.colcon_core.package_identification:_identify(src) by extensions ['python_setup_py']
[0.334s] Level 1:colcon.colcon_core.package_identification:_identify(src) by extension 'python_setup_py'
[0.334s] Level 1:colcon.colcon_core.package_identification:_identify(src/my_robot_sim) by extensions ['ignore', 'ignore_ament_install']
[0.334s] Level 1:colcon.colcon_core.package_identification:_identify(src/my_robot_sim) by extension 'ignore'
[0.334s] Level 1:colcon.colcon_core.package_identification:_identify(src/my_robot_sim) by extension 'ignore_ament_install'
[0.334s] Level 1:colcon.colcon_core.package_identification:_identify(src/my_robot_sim) by extensions ['colcon_pkg']
[0.334s] Level 1:colcon.colcon_core.package_identification:_identify(src/my_robot_sim) by extension 'colcon_pkg'
[0.334s] Level 1:colcon.colcon_core.package_identification:_identify(src/my_robot_sim) by extensions ['colcon_meta']
[0.334s] Level 1:colcon.colcon_core.package_identification:_identify(src/my_robot_sim) by extension 'colcon_meta'
[0.334s] Level 1:colcon.colcon_core.package_identification:_identify(src/my_robot_sim) by extensions ['ros']
[0.334s] Level 1:colcon.colcon_core.package_identification:_identify(src/my_robot_sim) by extension 'ros'
[0.337s] DEBUG:colcon.colcon_core.package_identification:Package 'src/my_robot_sim' with type 'ros.ament_cmake' and name 'my_robot_sim'
[0.338s] Level 1:colcon.colcon_core.package_identification:_identify(src/rviz_camera_stream) by extensions ['ignore', 'ignore_ament_install']
[0.338s] Level 1:colcon.colcon_core.package_identification:_identify(src/rviz_camera_stream) by extension 'ignore'
[0.338s] Level 1:colcon.colcon_core.package_identification:_identify(src/rviz_camera_stream) by extension 'ignore_ament_install'
[0.338s] Level 1:colcon.colcon_core.package_identification:_identify(src/rviz_camera_stream) by extensions ['colcon_pkg']
[0.338s] Level 1:colcon.colcon_core.package_identification:_identify(src/rviz_camera_stream) by extension 'colcon_pkg'
[0.338s] Level 1:colcon.colcon_core.package_identification:_identify(src/rviz_camera_stream) by extensions ['colcon_meta']
[0.338s] Level 1:colcon.colcon_core.package_identification:_identify(src/rviz_camera_stream) by extension 'colcon_meta'
[0.338s] Level 1:colcon.colcon_core.package_identification:_identify(src/rviz_camera_stream) by extensions ['ros']
[0.338s] Level 1:colcon.colcon_core.package_identification:_identify(src/rviz_camera_stream) by extension 'ros'
[0.339s] DEBUG:colcon.colcon_core.package_identification:Package 'src/rviz_camera_stream' with type 'ros.catkin' and name 'rviz_camera_stream'
[0.339s] Level 1:colcon.colcon_core.package_discovery:discover_packages(recursive) using defaults
[0.339s] Level 1:colcon.colcon_core.package_discovery:discover_packages(ignore) discover
[0.339s] Level 1:colcon.colcon_core.package_discovery:discover_packages(ignore) using defaults
[0.340s] Level 1:colcon.colcon_core.package_discovery:discover_packages(path) discover
[0.340s] Level 1:colcon.colcon_core.package_discovery:discover_packages(path) using defaults
[0.377s] Level 1:colcon.colcon_core.package_discovery:discover_packages(prefix_path) check parameters
[0.377s] Level 1:colcon.colcon_core.package_discovery:discover_packages(prefix_path) discover
[0.378s] DEBUG:colcon.colcon_installed_package_information.package_discovery:Found 2 installed packages in /home/miriam/my_workspace/install
[0.380s] DEBUG:colcon.colcon_installed_package_information.package_discovery:Found 271 installed packages in /opt/ros/humble
[0.382s] Level 1:colcon.colcon_core.package_discovery:discover_packages(prefix_path) using defaults
[0.425s] Level 5:colcon.colcon_core.verb:set package 'my_robot_sim' build argument 'cmake_args' from command line to 'None'
[0.425s] Level 5:colcon.colcon_core.verb:set package 'my_robot_sim' build argument 'cmake_target' from command line to 'None'
[0.425s] Level 5:colcon.colcon_core.verb:set package 'my_robot_sim' build argument 'cmake_target_skip_unavailable' from command line to 'False'
[0.425s] Level 5:colcon.colcon_core.verb:set package 'my_robot_sim' build argument 'cmake_clean_cache' from command line to 'False'
[0.425s] Level 5:colcon.colcon_core.verb:set package 'my_robot_sim' build argument 'cmake_clean_first' from command line to 'False'
[0.425s] Level 5:colcon.colcon_core.verb:set package 'my_robot_sim' build argument 'cmake_force_configure' from command line to 'False'
[0.425s] Level 5:colcon.colcon_core.verb:set package 'my_robot_sim' build argument 'ament_cmake_args' from command line to 'None'
[0.425s] Level 5:colcon.colcon_core.verb:set package 'my_robot_sim' build argument 'catkin_cmake_args' from command line to 'None'
[0.425s] Level 5:colcon.colcon_core.verb:set package 'my_robot_sim' build argument 'catkin_skip_building_tests' from command line to 'False'
[0.425s] DEBUG:colcon.colcon_core.verb:Building package 'my_robot_sim' with the following arguments: {'ament_cmake_args': None, 'build_base': '/home/miriam/my_workspace/build/my_robot_sim', 'catkin_cmake_args': None, 'catkin_skip_building_tests': False, 'cmake_args': None, 'cmake_clean_cache': False, 'cmake_clean_first': False, 'cmake_force_configure': False, 'cmake_target': None, 'cmake_target_skip_unavailable': False, 'install_base': '/home/miriam/my_workspace/install/my_robot_sim', 'merge_install': False, 'path': '/home/miriam/my_workspace/src/my_robot_sim', 'symlink_install': False, 'test_result_base': None}
[0.426s] Level 5:colcon.colcon_core.verb:set package 'rviz_camera_stream' build argument 'cmake_args' from command line to 'None'
[0.426s] Level 5:colcon.colcon_core.verb:set package 'rviz_camera_stream' build argument 'cmake_target' from command line to 'None'
[0.426s] Level 5:colcon.colcon_core.verb:set package 'rviz_camera_stream' build argument 'cmake_target_skip_unavailable' from command line to 'False'
[0.426s] Level 5:colcon.colcon_core.verb:set package 'rviz_camera_stream' build argument 'cmake_clean_cache' from command line to 'False'
[0.426s] Level 5:colcon.colcon_core.verb:set package 'rviz_camera_stream' build argument 'cmake_clean_first' from command line to 'False'
[0.426s] Level 5:colcon.colcon_core.verb:set package 'rviz_camera_stream' build argument 'cmake_force_configure' from command line to 'False'
[0.426s] Level 5:colcon.colcon_core.verb:set package 'rviz_camera_stream' build argument 'ament_cmake_args' from command line to 'None'
[0.426s] Level 5:colcon.colcon_core.verb:set package 'rviz_camera_stream' build argument 'catkin_cmake_args' from command line to 'None'
[0.426s] Level 5:colcon.colcon_core.verb:set package 'rviz_camera_stream' build argument 'catkin_skip_building_tests' from command line to 'False'
[0.426s] DEBUG:colcon.colcon_core.verb:Building package 'rviz_camera_stream' with the following arguments: {'ament_cmake_args': None, 'build_base': '/home/miriam/my_workspace/build/rviz_camera_stream', 'catkin_cmake_args': None, 'catkin_skip_building_tests': False, 'cmake_args': None, 'cmake_clean_cache': False, 'cmake_clean_first': False, 'cmake_force_configure': False, 'cmake_target': None, 'cmake_target_skip_unavailable': False, 'install_base': '/home/miriam/my_workspace/install/rviz_camera_stream', 'merge_install': False, 'path': '/home/miriam/my_workspace/src/rviz_camera_stream', 'symlink_install': False, 'test_result_base': None}
[0.426s] INFO:colcon.colcon_core.executor:Executing jobs using 'parallel' executor
[0.427s] DEBUG:colcon.colcon_parallel_executor.executor.parallel:run_until_complete
[0.427s] INFO:colcon.colcon_ros.task.ament_cmake.build:Building ROS package in '/home/miriam/my_workspace/src/my_robot_sim' with build type 'ament_cmake'
[0.427s] INFO:colcon.colcon_cmake.task.cmake.build:Building CMake package in '/home/miriam/my_workspace/src/my_robot_sim'
[0.430s] INFO:colcon.colcon_core.plugin_system:Skipping extension 'colcon_core.shell.bat': Not used on non-Windows systems
[0.430s] INFO:colcon.colcon_core.shell:Skip shell extension 'powershell' for command environment: Not usable outside of PowerShell
[0.430s] DEBUG:colcon.colcon_core.shell:Skip shell extension 'dsv' for command environment
[0.434s] INFO:colcon.colcon_ros.task.catkin.build:Building ROS package in '/home/miriam/my_workspace/src/rviz_camera_stream' with build type 'catkin'
[0.434s] INFO:colcon.colcon_cmake.task.cmake.build:Building CMake package in '/home/miriam/my_workspace/src/rviz_camera_stream'
[0.434s] INFO:colcon.colcon_core.shell:Skip shell extension 'powershell' for command environment: Not usable outside of PowerShell
[0.434s] DEBUG:colcon.colcon_core.shell:Skip shell extension 'dsv' for command environment
[0.448s] DEBUG:colcon.colcon_core.event_handler.log_command:Invoking command in '/home/miriam/my_workspace/build/my_robot_sim': CMAKE_PREFIX_PATH=/home/miriam/my_workspace/install:/opt/ros/humble /usr/bin/cmake --build /home/miriam/my_workspace/build/my_robot_sim -- -j16 -l16
[0.454s] DEBUG:colcon.colcon_core.event_handler.log_command:Invoking command in '/home/miriam/my_workspace/build/rviz_camera_stream': /usr/bin/cmake --build /home/miriam/my_workspace/build/rviz_camera_stream -- -j16 -l16
[0.502s] DEBUG:colcon.colcon_core.event_handler.log_command:Invoked command in '/home/miriam/my_workspace/build/my_robot_sim' returned '0': CMAKE_PREFIX_PATH=/home/miriam/my_workspace/install:/opt/ros/humble /usr/bin/cmake --build /home/miriam/my_workspace/build/my_robot_sim -- -j16 -l16
[0.518s] DEBUG:colcon.colcon_core.event_handler.log_command:Invoking command in '/home/miriam/my_workspace/build/my_robot_sim': CMAKE_PREFIX_PATH=/home/miriam/my_workspace/install:/opt/ros/humble /usr/bin/cmake --install /home/miriam/my_workspace/build/my_robot_sim
[0.533s] Level 1:colcon.colcon_core.environment:create_environment_scripts_only(my_robot_sim)
[0.534s] DEBUG:colcon.colcon_core.event_handler.log_command:Invoked command in '/home/miriam/my_workspace/build/my_robot_sim' returned '0': CMAKE_PREFIX_PATH=/home/miriam/my_workspace/install:/opt/ros/humble /usr/bin/cmake --install /home/miriam/my_workspace/build/my_robot_sim
[0.536s] Level 1:colcon.colcon_core.environment:checking '/home/miriam/my_workspace/install/my_robot_sim' for CMake module files
[0.537s] Level 1:colcon.colcon_core.environment:checking '/home/miriam/my_workspace/install/my_robot_sim' for CMake config files
[0.537s] Level 1:colcon.colcon_core.shell:create_environment_hook('my_robot_sim', 'cmake_prefix_path')
[0.538s] INFO:colcon.colcon_core.shell:Creating environment hook '/home/miriam/my_workspace/install/my_robot_sim/share/my_robot_sim/hook/cmake_prefix_path.ps1'
[0.538s] INFO:colcon.colcon_core.shell:Creating environment descriptor '/home/miriam/my_workspace/install/my_robot_sim/share/my_robot_sim/hook/cmake_prefix_path.dsv'
[0.539s] INFO:colcon.colcon_core.shell:Creating environment hook '/home/miriam/my_workspace/install/my_robot_sim/share/my_robot_sim/hook/cmake_prefix_path.sh'
[0.540s] Level 1:colcon.colcon_core.environment:checking '/home/miriam/my_workspace/install/my_robot_sim/lib'
[0.540s] Level 1:colcon.colcon_core.environment:checking '/home/miriam/my_workspace/install/my_robot_sim/bin'
[0.540s] Level 1:colcon.colcon_core.environment:checking '/home/miriam/my_workspace/install/my_robot_sim/lib/pkgconfig/my_robot_sim.pc'
[0.540s] Level 1:colcon.colcon_core.environment:checking '/home/miriam/my_workspace/install/my_robot_sim/lib/python3.10/site-packages'
[0.540s] Level 1:colcon.colcon_core.environment:checking '/home/miriam/my_workspace/install/my_robot_sim/bin'
[0.541s] INFO:colcon.colcon_core.shell:Creating package script '/home/miriam/my_workspace/install/my_robot_sim/share/my_robot_sim/package.ps1'
[0.542s] INFO:colcon.colcon_core.shell:Creating package descriptor '/home/miriam/my_workspace/install/my_robot_sim/share/my_robot_sim/package.dsv'
[0.542s] INFO:colcon.colcon_core.shell:Creating package script '/home/miriam/my_workspace/install/my_robot_sim/share/my_robot_sim/package.sh'
[0.544s] INFO:colcon.colcon_core.shell:Creating package script '/home/miriam/my_workspace/install/my_robot_sim/share/my_robot_sim/package.bash'
[0.546s] INFO:colcon.colcon_core.shell:Creating package script '/home/miriam/my_workspace/install/my_robot_sim/share/my_robot_sim/package.zsh'
[0.547s] Level 1:colcon.colcon_core.environment:create_file_with_runtime_dependencies(/home/miriam/my_workspace/install/my_robot_sim/share/colcon-core/packages/my_robot_sim)
[0.548s] Level 1:colcon.colcon_core.environment:create_environment_scripts_only(my_robot_sim)
[0.549s] Level 1:colcon.colcon_core.environment:checking '/home/miriam/my_workspace/install/my_robot_sim' for CMake module files
[0.549s] Level 1:colcon.colcon_core.environment:checking '/home/miriam/my_workspace/install/my_robot_sim' for CMake config files
[0.549s] Level 1:colcon.colcon_core.shell:create_environment_hook('my_robot_sim', 'cmake_prefix_path')
[0.550s] INFO:colcon.colcon_core.shell:Creating environment hook '/home/miriam/my_workspace/install/my_robot_sim/share/my_robot_sim/hook/cmake_prefix_path.ps1'
[0.550s] INFO:colcon.colcon_core.shell:Creating environment descriptor '/home/miriam/my_workspace/install/my_robot_sim/share/my_robot_sim/hook/cmake_prefix_path.dsv'
[0.550s] INFO:colcon.colcon_core.shell:Creating environment hook '/home/miriam/my_workspace/install/my_robot_sim/share/my_robot_sim/hook/cmake_prefix_path.sh'
[0.551s] Level 1:colcon.colcon_core.environment:checking '/home/miriam/my_workspace/install/my_robot_sim/lib'
[0.551s] Level 1:colcon.colcon_core.environment:checking '/home/miriam/my_workspace/install/my_robot_sim/bin'
[0.551s] Level 1:colcon.colcon_core.environment:checking '/home/miriam/my_workspace/install/my_robot_sim/lib/pkgconfig/my_robot_sim.pc'
[0.551s] Level 1:colcon.colcon_core.environment:checking '/home/miriam/my_workspace/install/my_robot_sim/lib/python3.10/site-packages'
[0.552s] Level 1:colcon.colcon_core.environment:checking '/home/miriam/my_workspace/install/my_robot_sim/bin'
[0.552s] INFO:colcon.colcon_core.shell:Creating package script '/home/miriam/my_workspace/install/my_robot_sim/share/my_robot_sim/package.ps1'
[0.553s] INFO:colcon.colcon_core.shell:Creating package descriptor '/home/miriam/my_workspace/install/my_robot_sim/share/my_robot_sim/package.dsv'
[0.553s] INFO:colcon.colcon_core.shell:Creating package script '/home/miriam/my_workspace/install/my_robot_sim/share/my_robot_sim/package.sh'
[0.554s] INFO:colcon.colcon_core.shell:Creating package script '/home/miriam/my_workspace/install/my_robot_sim/share/my_robot_sim/package.bash'
[0.554s] INFO:colcon.colcon_core.shell:Creating package script '/home/miriam/my_workspace/install/my_robot_sim/share/my_robot_sim/package.zsh'
[0.554s] Level 1:colcon.colcon_core.environment:create_file_with_runtime_dependencies(/home/miriam/my_workspace/install/my_robot_sim/share/colcon-core/packages/my_robot_sim)
[0.636s] DEBUG:colcon.colcon_core.event_handler.log_command:Invoked command in '/home/miriam/my_workspace/build/rviz_camera_stream' returned '0': /usr/bin/cmake --build /home/miriam/my_workspace/build/rviz_camera_stream -- -j16 -l16
[0.639s] DEBUG:colcon.colcon_core.event_handler.log_command:Invoking command in '/home/miriam/my_workspace/build/rviz_camera_stream': /usr/bin/cmake --install /home/miriam/my_workspace/build/rviz_camera_stream
[0.653s] DEBUG:colcon.colcon_core.event_handler.log_command:Invoked command in '/home/miriam/my_workspace/build/rviz_camera_stream' returned '0': /usr/bin/cmake --install /home/miriam/my_workspace/build/rviz_camera_stream
[0.654s] Level 1:colcon.colcon_core.shell:create_environment_hook('rviz_camera_stream', 'ros_package_path')
[0.654s] INFO:colcon.colcon_core.shell:Creating environment hook '/home/miriam/my_workspace/install/rviz_camera_stream/share/rviz_camera_stream/hook/ros_package_path.ps1'
[0.655s] INFO:colcon.colcon_core.shell:Creating environment descriptor '/home/miriam/my_workspace/install/rviz_camera_stream/share/rviz_camera_stream/hook/ros_package_path.dsv'
[0.655s] INFO:colcon.colcon_core.shell:Creating environment hook '/home/miriam/my_workspace/install/rviz_camera_stream/share/rviz_camera_stream/hook/ros_package_path.sh'
[0.656s] Level 1:colcon.colcon_core.shell:create_environment_hook('rviz_camera_stream', 'pkg_config_path')
[0.656s] INFO:colcon.colcon_core.shell:Creating environment hook '/home/miriam/my_workspace/install/rviz_camera_stream/share/rviz_camera_stream/hook/pkg_config_path.ps1'
[0.657s] INFO:colcon.colcon_core.shell:Creating environment descriptor '/home/miriam/my_workspace/install/rviz_camera_stream/share/rviz_camera_stream/hook/pkg_config_path.dsv'
[0.657s] INFO:colcon.colcon_core.shell:Creating environment hook '/home/miriam/my_workspace/install/rviz_camera_stream/share/rviz_camera_stream/hook/pkg_config_path.sh'
[0.660s] Level 1:colcon.colcon_core.shell:create_environment_hook('rviz_camera_stream', 'pkg_config_path_multiarch')
[0.660s] INFO:colcon.colcon_core.shell:Creating environment hook '/home/miriam/my_workspace/install/rviz_camera_stream/share/rviz_camera_stream/hook/pkg_config_path_multiarch.ps1'
[0.661s] INFO:colcon.colcon_core.shell:Creating environment descriptor '/home/miriam/my_workspace/install/rviz_camera_stream/share/rviz_camera_stream/hook/pkg_config_path_multiarch.dsv'
[0.661s] INFO:colcon.colcon_core.shell:Creating environment hook '/home/miriam/my_workspace/install/rviz_camera_stream/share/rviz_camera_stream/hook/pkg_config_path_multiarch.sh'
[0.662s] Level 1:colcon.colcon_core.environment:create_environment_scripts_only(rviz_camera_stream)
[0.663s] Level 1:colcon.colcon_core.environment:checking '/home/miriam/my_workspace/install/rviz_camera_stream' for CMake module files
[0.663s] Level 1:colcon.colcon_core.environment:checking '/home/miriam/my_workspace/install/rviz_camera_stream' for CMake config files
[0.664s] Level 1:colcon.colcon_core.shell:create_environment_hook('rviz_camera_stream', 'cmake_prefix_path')
[0.664s] INFO:colcon.colcon_core.shell:Creating environment hook '/home/miriam/my_workspace/install/rviz_camera_stream/share/rviz_camera_stream/hook/cmake_prefix_path.ps1'
[0.664s] INFO:colcon.colcon_core.shell:Creating environment descriptor '/home/miriam/my_workspace/install/rviz_camera_stream/share/rviz_camera_stream/hook/cmake_prefix_path.dsv'
[0.665s] INFO:colcon.colcon_core.shell:Creating environment hook '/home/miriam/my_workspace/install/rviz_camera_stream/share/rviz_camera_stream/hook/cmake_prefix_path.sh'
[0.665s] Level 1:colcon.colcon_core.environment:checking '/home/miriam/my_workspace/install/rviz_camera_stream/lib'
[0.665s] Level 1:colcon.colcon_core.shell:create_environment_hook('rviz_camera_stream', 'ld_library_path_lib')
[0.665s] INFO:colcon.colcon_core.shell:Creating environment hook '/home/miriam/my_workspace/install/rviz_camera_stream/share/rviz_camera_stream/hook/ld_library_path_lib.ps1'
[0.666s] INFO:colcon.colcon_core.shell:Creating environment descriptor '/home/miriam/my_workspace/install/rviz_camera_stream/share/rviz_camera_stream/hook/ld_library_path_lib.dsv'
[0.666s] INFO:colcon.colcon_core.shell:Creating environment hook '/home/miriam/my_workspace/install/rviz_camera_stream/share/rviz_camera_stream/hook/ld_library_path_lib.sh'
[0.667s] Level 1:colcon.colcon_core.environment:checking '/home/miriam/my_workspace/install/rviz_camera_stream/bin'
[0.667s] Level 1:colcon.colcon_core.environment:checking '/home/miriam/my_workspace/install/rviz_camera_stream/lib/pkgconfig/rviz_camera_stream.pc'
[0.667s] Level 1:colcon.colcon_core.environment:checking '/home/miriam/my_workspace/install/rviz_camera_stream/lib/python3.10/site-packages'
[0.667s] Level 1:colcon.colcon_core.environment:checking '/home/miriam/my_workspace/install/rviz_camera_stream/bin'
[0.668s] INFO:colcon.colcon_core.shell:Creating package script '/home/miriam/my_workspace/install/rviz_camera_stream/share/rviz_camera_stream/package.ps1'
[0.668s] INFO:colcon.colcon_core.shell:Creating package descriptor '/home/miriam/my_workspace/install/rviz_camera_stream/share/rviz_camera_stream/package.dsv'
[0.669s] INFO:colcon.colcon_core.shell:Creating package script '/home/miriam/my_workspace/install/rviz_camera_stream/share/rviz_camera_stream/package.sh'
[0.669s] INFO:colcon.colcon_core.shell:Creating package script '/home/miriam/my_workspace/install/rviz_camera_stream/share/rviz_camera_stream/package.bash'
[0.670s] INFO:colcon.colcon_core.shell:Creating package script '/home/miriam/my_workspace/install/rviz_camera_stream/share/rviz_camera_stream/package.zsh'
[0.670s] Level 1:colcon.colcon_core.environment:create_file_with_runtime_dependencies(/home/miriam/my_workspace/install/rviz_camera_stream/share/colcon-core/packages/rviz_camera_stream)
[0.670s] DEBUG:colcon.colcon_parallel_executor.executor.parallel:closing loop
[0.671s] DEBUG:colcon.colcon_parallel_executor.executor.parallel:loop closed
[0.671s] DEBUG:colcon.colcon_parallel_executor.executor.parallel:run_until_complete finished with '0'
[0.671s] DEBUG:colcon.colcon_core.event_reactor:joining thread
[0.678s] INFO:colcon.colcon_core.plugin_system:Skipping extension 'colcon_notification.desktop_notification.terminal_notifier': Not used on non-Darwin systems
[0.678s] INFO:colcon.colcon_core.plugin_system:Skipping extension 'colcon_notification.desktop_notification.win32': Not used on non-Windows systems
[0.679s] INFO:colcon.colcon_notification.desktop_notification:Sending desktop notification using 'notify2'
[0.695s] DEBUG:colcon.colcon_core.event_reactor:joined thread
[0.695s] INFO:colcon.colcon_core.shell:Creating prefix script '/home/miriam/my_workspace/install/local_setup.ps1'
[0.698s] INFO:colcon.colcon_core.shell:Creating prefix util module '/home/miriam/my_workspace/install/_local_setup_util_ps1.py'
[0.700s] INFO:colcon.colcon_core.shell:Creating prefix chain script '/home/miriam/my_workspace/install/setup.ps1'
[0.701s] INFO:colcon.colcon_core.shell:Creating prefix script '/home/miriam/my_workspace/install/local_setup.sh'
[0.701s] INFO:colcon.colcon_core.shell:Creating prefix util module '/home/miriam/my_workspace/install/_local_setup_util_sh.py'
[0.702s] INFO:colcon.colcon_core.shell:Creating prefix chain script '/home/miriam/my_workspace/install/setup.sh'
[0.703s] INFO:colcon.colcon_core.shell:Creating prefix script '/home/miriam/my_workspace/install/local_setup.bash'
[0.703s] INFO:colcon.colcon_core.shell:Creating prefix chain script '/home/miriam/my_workspace/install/setup.bash'
[0.704s] INFO:colcon.colcon_core.shell:Creating prefix script '/home/miriam/my_workspace/install/local_setup.zsh'
[0.705s] INFO:colcon.colcon_core.shell:Creating prefix chain script '/home/miriam/my_workspace/install/setup.zsh'
