[0.327s] DEBUG:colcon:Command line arguments: ['/usr/bin/colcon', 'build']
[0.327s] DEBUG:colcon:Parsed command line arguments: Namespace(log_base=None, log_level=None, verb_name='build', build_base='build', install_base='install', merge_install=False, symlink_install=False, test_result_base=None, continue_on_error=False, executor='parallel', parallel_workers=16, event_handlers=None, ignore_user_meta=False, metas=['./colcon.meta'], base_paths=['.'], packages_ignore=None, packages_ignore_regex=None, paths=None, packages_up_to=None, packages_up_to_regex=None, packages_above=None, packages_above_and_dependencies=None, packages_above_depth=None, packages_select_by_dep=None, packages_skip_by_dep=None, packages_skip_up_to=None, packages_select_build_failed=False, packages_skip_build_finished=False, packages_select_test_failures=False, packages_skip_test_passed=False, packages_select=None, packages_skip=None, packages_select_regex=None, packages_skip_regex=None, packages_start=None, packages_end=None, allow_overriding=[], cmake_args=None, cmake_target=None, cmake_target_skip_unavailable=False, cmake_clean_cache=False, cmake_clean_first=False, cmake_force_configure=False, ament_cmake_args=None, catkin_cmake_args=None, catkin_skip_building_tests=False, mixin_files=None, mixin=None, verb_parser=<colcon_mixin.mixin.mixin_argument.MixinArgumentDecorator object at 0x76ec10a327a0>, verb_extension=<colcon_core.verb.build.BuildVerb object at 0x76ec10a32230>, main=<bound method BuildVerb.main of <colcon_core.verb.build.BuildVerb object at 0x76ec10a32230>>, mixin_verb=('build',))
[0.624s] Level 1:colcon.colcon_core.package_discovery:discover_packages(colcon_meta) check parameters
[0.624s] Level 1:colcon.colcon_core.package_discovery:discover_packages(recursive) check parameters
[0.624s] Level 1:colcon.colcon_core.package_discovery:discover_packages(ignore) check parameters
[0.624s] Level 1:colcon.colcon_core.package_discovery:discover_packages(path) check parameters
[0.624s] Level 1:colcon.colcon_core.package_discovery:discover_packages(colcon_meta) discover
[0.624s] Level 1:colcon.colcon_core.package_discovery:discover_packages(recursive) discover
[0.624s] INFO:colcon.colcon_core.package_discovery:Crawling recursively for packages in '/home/miriam/my_workspace'
[0.625s] Level 1:colcon.colcon_core.package_identification:_identify(.) by extensions ['ignore', 'ignore_ament_install']
[0.625s] Level 1:colcon.colcon_core.package_identification:_identify(.) by extension 'ignore'
[0.625s] Level 1:colcon.colcon_core.package_identification:_identify(.) by extension 'ignore_ament_install'
[0.625s] Level 1:colcon.colcon_core.package_identification:_identify(.) by extensions ['colcon_pkg']
[0.625s] Level 1:colcon.colcon_core.package_identification:_identify(.) by extension 'colcon_pkg'
[0.625s] Level 1:colcon.colcon_core.package_identification:_identify(.) by extensions ['colcon_meta']
[0.625s] Level 1:colcon.colcon_core.package_identification:_identify(.) by extension 'colcon_meta'
[0.625s] Level 1:colcon.colcon_core.package_identification:_identify(.) by extensions ['ros']
[0.625s] Level 1:colcon.colcon_core.package_identification:_identify(.) by extension 'ros'
[0.641s] Level 1:colcon.colcon_core.package_identification:_identify(.) by extensions ['cmake', 'python']
[0.641s] Level 1:colcon.colcon_core.package_identification:_identify(.) by extension 'cmake'
[0.641s] Level 1:colcon.colcon_core.package_identification:_identify(.) by extension 'python'
[0.641s] Level 1:colcon.colcon_core.package_identification:_identify(.) by extensions ['python_setup_py']
[0.641s] Level 1:colcon.colcon_core.package_identification:_identify(.) by extension 'python_setup_py'
[0.641s] Level 1:colcon.colcon_core.package_identification:_identify(build) by extensions ['ignore', 'ignore_ament_install']
[0.641s] Level 1:colcon.colcon_core.package_identification:_identify(build) by extension 'ignore'
[0.641s] Level 1:colcon.colcon_core.package_identification:_identify(build) ignored
[0.642s] Level 1:colcon.colcon_core.package_identification:_identify(install) by extensions ['ignore', 'ignore_ament_install']
[0.642s] Level 1:colcon.colcon_core.package_identification:_identify(install) by extension 'ignore'
[0.642s] Level 1:colcon.colcon_core.package_identification:_identify(install) ignored
[0.642s] Level 1:colcon.colcon_core.package_identification:_identify(log) by extensions ['ignore', 'ignore_ament_install']
[0.642s] Level 1:colcon.colcon_core.package_identification:_identify(log) by extension 'ignore'
[0.642s] Level 1:colcon.colcon_core.package_identification:_identify(log) ignored
[0.642s] Level 1:colcon.colcon_core.package_identification:_identify(src) by extensions ['ignore', 'ignore_ament_install']
[0.642s] Level 1:colcon.colcon_core.package_identification:_identify(src) by extension 'ignore'
[0.642s] Level 1:colcon.colcon_core.package_identification:_identify(src) by extension 'ignore_ament_install'
[0.642s] Level 1:colcon.colcon_core.package_identification:_identify(src) by extensions ['colcon_pkg']
[0.642s] Level 1:colcon.colcon_core.package_identification:_identify(src) by extension 'colcon_pkg'
[0.642s] Level 1:colcon.colcon_core.package_identification:_identify(src) by extensions ['colcon_meta']
[0.642s] Level 1:colcon.colcon_core.package_identification:_identify(src) by extension 'colcon_meta'
[0.642s] Level 1:colcon.colcon_core.package_identification:_identify(src) by extensions ['ros']
[0.642s] Level 1:colcon.colcon_core.package_identification:_identify(src) by extension 'ros'
[0.643s] Level 1:colcon.colcon_core.package_identification:_identify(src) by extensions ['cmake', 'python']
[0.643s] Level 1:colcon.colcon_core.package_identification:_identify(src) by extension 'cmake'
[0.643s] Level 1:colcon.colcon_core.package_identification:_identify(src) by extension 'python'
[0.643s] Level 1:colcon.colcon_core.package_identification:_identify(src) by extensions ['python_setup_py']
[0.643s] Level 1:colcon.colcon_core.package_identification:_identify(src) by extension 'python_setup_py'
[0.643s] Level 1:colcon.colcon_core.package_identification:_identify(src/my_robot_sim) by extensions ['ignore', 'ignore_ament_install']
[0.643s] Level 1:colcon.colcon_core.package_identification:_identify(src/my_robot_sim) by extension 'ignore'
[0.643s] Level 1:colcon.colcon_core.package_identification:_identify(src/my_robot_sim) by extension 'ignore_ament_install'
[0.643s] Level 1:colcon.colcon_core.package_identification:_identify(src/my_robot_sim) by extensions ['colcon_pkg']
[0.643s] Level 1:colcon.colcon_core.package_identification:_identify(src/my_robot_sim) by extension 'colcon_pkg'
[0.643s] Level 1:colcon.colcon_core.package_identification:_identify(src/my_robot_sim) by extensions ['colcon_meta']
[0.643s] Level 1:colcon.colcon_core.package_identification:_identify(src/my_robot_sim) by extension 'colcon_meta'
[0.643s] Level 1:colcon.colcon_core.package_identification:_identify(src/my_robot_sim) by extensions ['ros']
[0.643s] Level 1:colcon.colcon_core.package_identification:_identify(src/my_robot_sim) by extension 'ros'
[0.648s] DEBUG:colcon.colcon_core.package_identification:Package 'src/my_robot_sim' with type 'ros.ament_cmake' and name 'my_robot_sim'
[0.648s] Level 1:colcon.colcon_core.package_identification:_identify(src/rviz_camera_stream) by extensions ['ignore', 'ignore_ament_install']
[0.648s] Level 1:colcon.colcon_core.package_identification:_identify(src/rviz_camera_stream) by extension 'ignore'
[0.648s] Level 1:colcon.colcon_core.package_identification:_identify(src/rviz_camera_stream) by extension 'ignore_ament_install'
[0.648s] Level 1:colcon.colcon_core.package_identification:_identify(src/rviz_camera_stream) by extensions ['colcon_pkg']
[0.648s] Level 1:colcon.colcon_core.package_identification:_identify(src/rviz_camera_stream) by extension 'colcon_pkg'
[0.648s] Level 1:colcon.colcon_core.package_identification:_identify(src/rviz_camera_stream) by extensions ['colcon_meta']
[0.648s] Level 1:colcon.colcon_core.package_identification:_identify(src/rviz_camera_stream) by extension 'colcon_meta'
[0.648s] Level 1:colcon.colcon_core.package_identification:_identify(src/rviz_camera_stream) by extensions ['ros']
[0.648s] Level 1:colcon.colcon_core.package_identification:_identify(src/rviz_camera_stream) by extension 'ros'
[0.650s] DEBUG:colcon.colcon_core.package_identification:Package 'src/rviz_camera_stream' with type 'ros.catkin' and name 'rviz_camera_stream'
[0.650s] Level 1:colcon.colcon_core.package_discovery:discover_packages(recursive) using defaults
[0.650s] Level 1:colcon.colcon_core.package_discovery:discover_packages(ignore) discover
[0.650s] Level 1:colcon.colcon_core.package_discovery:discover_packages(ignore) using defaults
[0.650s] Level 1:colcon.colcon_core.package_discovery:discover_packages(path) discover
[0.650s] Level 1:colcon.colcon_core.package_discovery:discover_packages(path) using defaults
[0.707s] Level 1:colcon.colcon_core.package_discovery:discover_packages(prefix_path) check parameters
[0.707s] Level 1:colcon.colcon_core.package_discovery:discover_packages(prefix_path) discover
[0.712s] DEBUG:colcon.colcon_installed_package_information.package_discovery:Found 2 installed packages in /home/miriam/my_workspace/install
[0.714s] DEBUG:colcon.colcon_installed_package_information.package_discovery:Found 271 installed packages in /opt/ros/humble
[0.716s] Level 1:colcon.colcon_core.package_discovery:discover_packages(prefix_path) using defaults
[0.760s] Level 5:colcon.colcon_core.verb:set package 'my_robot_sim' build argument 'cmake_args' from command line to 'None'
[0.760s] Level 5:colcon.colcon_core.verb:set package 'my_robot_sim' build argument 'cmake_target' from command line to 'None'
[0.760s] Level 5:colcon.colcon_core.verb:set package 'my_robot_sim' build argument 'cmake_target_skip_unavailable' from command line to 'False'
[0.760s] Level 5:colcon.colcon_core.verb:set package 'my_robot_sim' build argument 'cmake_clean_cache' from command line to 'False'
[0.760s] Level 5:colcon.colcon_core.verb:set package 'my_robot_sim' build argument 'cmake_clean_first' from command line to 'False'
[0.760s] Level 5:colcon.colcon_core.verb:set package 'my_robot_sim' build argument 'cmake_force_configure' from command line to 'False'
[0.760s] Level 5:colcon.colcon_core.verb:set package 'my_robot_sim' build argument 'ament_cmake_args' from command line to 'None'
[0.760s] Level 5:colcon.colcon_core.verb:set package 'my_robot_sim' build argument 'catkin_cmake_args' from command line to 'None'
[0.760s] Level 5:colcon.colcon_core.verb:set package 'my_robot_sim' build argument 'catkin_skip_building_tests' from command line to 'False'
[0.760s] DEBUG:colcon.colcon_core.verb:Building package 'my_robot_sim' with the following arguments: {'ament_cmake_args': None, 'build_base': '/home/miriam/my_workspace/build/my_robot_sim', 'catkin_cmake_args': None, 'catkin_skip_building_tests': False, 'cmake_args': None, 'cmake_clean_cache': False, 'cmake_clean_first': False, 'cmake_force_configure': False, 'cmake_target': None, 'cmake_target_skip_unavailable': False, 'install_base': '/home/miriam/my_workspace/install/my_robot_sim', 'merge_install': False, 'path': '/home/miriam/my_workspace/src/my_robot_sim', 'symlink_install': False, 'test_result_base': None}
[0.761s] Level 5:colcon.colcon_core.verb:set package 'rviz_camera_stream' build argument 'cmake_args' from command line to 'None'
[0.761s] Level 5:colcon.colcon_core.verb:set package 'rviz_camera_stream' build argument 'cmake_target' from command line to 'None'
[0.761s] Level 5:colcon.colcon_core.verb:set package 'rviz_camera_stream' build argument 'cmake_target_skip_unavailable' from command line to 'False'
[0.761s] Level 5:colcon.colcon_core.verb:set package 'rviz_camera_stream' build argument 'cmake_clean_cache' from command line to 'False'
[0.761s] Level 5:colcon.colcon_core.verb:set package 'rviz_camera_stream' build argument 'cmake_clean_first' from command line to 'False'
[0.761s] Level 5:colcon.colcon_core.verb:set package 'rviz_camera_stream' build argument 'cmake_force_configure' from command line to 'False'
[0.761s] Level 5:colcon.colcon_core.verb:set package 'rviz_camera_stream' build argument 'ament_cmake_args' from command line to 'None'
[0.761s] Level 5:colcon.colcon_core.verb:set package 'rviz_camera_stream' build argument 'catkin_cmake_args' from command line to 'None'
[0.761s] Level 5:colcon.colcon_core.verb:set package 'rviz_camera_stream' build argument 'catkin_skip_building_tests' from command line to 'False'
[0.761s] DEBUG:colcon.colcon_core.verb:Building package 'rviz_camera_stream' with the following arguments: {'ament_cmake_args': None, 'build_base': '/home/miriam/my_workspace/build/rviz_camera_stream', 'catkin_cmake_args': None, 'catkin_skip_building_tests': False, 'cmake_args': None, 'cmake_clean_cache': False, 'cmake_clean_first': False, 'cmake_force_configure': False, 'cmake_target': None, 'cmake_target_skip_unavailable': False, 'install_base': '/home/miriam/my_workspace/install/rviz_camera_stream', 'merge_install': False, 'path': '/home/miriam/my_workspace/src/rviz_camera_stream', 'symlink_install': False, 'test_result_base': None}
[0.761s] INFO:colcon.colcon_core.executor:Executing jobs using 'parallel' executor
[0.763s] DEBUG:colcon.colcon_parallel_executor.executor.parallel:run_until_complete
[0.763s] INFO:colcon.colcon_ros.task.ament_cmake.build:Building ROS package in '/home/miriam/my_workspace/src/my_robot_sim' with build type 'ament_cmake'
[0.763s] INFO:colcon.colcon_cmake.task.cmake.build:Building CMake package in '/home/miriam/my_workspace/src/my_robot_sim'
[0.770s] INFO:colcon.colcon_core.plugin_system:Skipping extension 'colcon_core.shell.bat': Not used on non-Windows systems
[0.770s] INFO:colcon.colcon_core.shell:Skip shell extension 'powershell' for command environment: Not usable outside of PowerShell
[0.770s] DEBUG:colcon.colcon_core.shell:Skip shell extension 'dsv' for command environment
[0.775s] INFO:colcon.colcon_ros.task.catkin.build:Building ROS package in '/home/miriam/my_workspace/src/rviz_camera_stream' with build type 'catkin'
[0.776s] INFO:colcon.colcon_cmake.task.cmake.build:Building CMake package in '/home/miriam/my_workspace/src/rviz_camera_stream'
[0.776s] INFO:colcon.colcon_core.shell:Skip shell extension 'powershell' for command environment: Not usable outside of PowerShell
[0.776s] DEBUG:colcon.colcon_core.shell:Skip shell extension 'dsv' for command environment
[0.787s] DEBUG:colcon.colcon_core.event_handler.log_command:Invoking command in '/home/miriam/my_workspace/build/my_robot_sim': CMAKE_PREFIX_PATH=/home/miriam/my_workspace/install:/opt/ros/humble /usr/bin/cmake --build /home/miriam/my_workspace/build/my_robot_sim -- -j16 -l16
[0.799s] DEBUG:colcon.colcon_core.event_handler.log_command:Invoking command in '/home/miriam/my_workspace/build/rviz_camera_stream': /usr/bin/cmake --build /home/miriam/my_workspace/build/rviz_camera_stream -- -j16 -l16
[0.897s] DEBUG:colcon.colcon_core.event_handler.log_command:Invoked command in '/home/miriam/my_workspace/build/my_robot_sim' returned '0': CMAKE_PREFIX_PATH=/home/miriam/my_workspace/install:/opt/ros/humble /usr/bin/cmake --build /home/miriam/my_workspace/build/my_robot_sim -- -j16 -l16
[0.914s] DEBUG:colcon.colcon_core.event_handler.log_command:Invoking command in '/home/miriam/my_workspace/build/my_robot_sim': CMAKE_PREFIX_PATH=/home/miriam/my_workspace/install:/opt/ros/humble /usr/bin/cmake --install /home/miriam/my_workspace/build/my_robot_sim
[0.934s] Level 1:colcon.colcon_core.environment:create_environment_scripts_only(my_robot_sim)
[0.936s] DEBUG:colcon.colcon_core.event_handler.log_command:Invoked command in '/home/miriam/my_workspace/build/my_robot_sim' returned '0': CMAKE_PREFIX_PATH=/home/miriam/my_workspace/install:/opt/ros/humble /usr/bin/cmake --install /home/miriam/my_workspace/build/my_robot_sim
[0.943s] Level 1:colcon.colcon_core.environment:checking '/home/miriam/my_workspace/install/my_robot_sim' for CMake module files
[0.943s] Level 1:colcon.colcon_core.environment:checking '/home/miriam/my_workspace/install/my_robot_sim' for CMake config files
[0.944s] Level 1:colcon.colcon_core.shell:create_environment_hook('my_robot_sim', 'cmake_prefix_path')
[0.944s] INFO:colcon.colcon_core.shell:Creating environment hook '/home/miriam/my_workspace/install/my_robot_sim/share/my_robot_sim/hook/cmake_prefix_path.ps1'
[0.946s] INFO:colcon.colcon_core.shell:Creating environment descriptor '/home/miriam/my_workspace/install/my_robot_sim/share/my_robot_sim/hook/cmake_prefix_path.dsv'
[0.946s] INFO:colcon.colcon_core.shell:Creating environment hook '/home/miriam/my_workspace/install/my_robot_sim/share/my_robot_sim/hook/cmake_prefix_path.sh'
[0.948s] Level 1:colcon.colcon_core.environment:checking '/home/miriam/my_workspace/install/my_robot_sim/lib'
[0.948s] Level 1:colcon.colcon_core.environment:checking '/home/miriam/my_workspace/install/my_robot_sim/bin'
[0.948s] Level 1:colcon.colcon_core.environment:checking '/home/miriam/my_workspace/install/my_robot_sim/lib/pkgconfig/my_robot_sim.pc'
[0.949s] Level 1:colcon.colcon_core.environment:checking '/home/miriam/my_workspace/install/my_robot_sim/lib/python3.10/site-packages'
[0.949s] Level 1:colcon.colcon_core.environment:checking '/home/miriam/my_workspace/install/my_robot_sim/bin'
[0.949s] INFO:colcon.colcon_core.shell:Creating package script '/home/miriam/my_workspace/install/my_robot_sim/share/my_robot_sim/package.ps1'
[0.951s] INFO:colcon.colcon_core.shell:Creating package descriptor '/home/miriam/my_workspace/install/my_robot_sim/share/my_robot_sim/package.dsv'
[0.952s] INFO:colcon.colcon_core.shell:Creating package script '/home/miriam/my_workspace/install/my_robot_sim/share/my_robot_sim/package.sh'
[0.953s] INFO:colcon.colcon_core.shell:Creating package script '/home/miriam/my_workspace/install/my_robot_sim/share/my_robot_sim/package.bash'
[0.955s] INFO:colcon.colcon_core.shell:Creating package script '/home/miriam/my_workspace/install/my_robot_sim/share/my_robot_sim/package.zsh'
[0.956s] Level 1:colcon.colcon_core.environment:create_file_with_runtime_dependencies(/home/miriam/my_workspace/install/my_robot_sim/share/colcon-core/packages/my_robot_sim)
[0.957s] Level 1:colcon.colcon_core.environment:create_environment_scripts_only(my_robot_sim)
[0.957s] Level 1:colcon.colcon_core.environment:checking '/home/miriam/my_workspace/install/my_robot_sim' for CMake module files
[0.958s] Level 1:colcon.colcon_core.environment:checking '/home/miriam/my_workspace/install/my_robot_sim' for CMake config files
[0.958s] Level 1:colcon.colcon_core.shell:create_environment_hook('my_robot_sim', 'cmake_prefix_path')
[0.958s] INFO:colcon.colcon_core.shell:Creating environment hook '/home/miriam/my_workspace/install/my_robot_sim/share/my_robot_sim/hook/cmake_prefix_path.ps1'
[0.959s] INFO:colcon.colcon_core.shell:Creating environment descriptor '/home/miriam/my_workspace/install/my_robot_sim/share/my_robot_sim/hook/cmake_prefix_path.dsv'
[0.959s] INFO:colcon.colcon_core.shell:Creating environment hook '/home/miriam/my_workspace/install/my_robot_sim/share/my_robot_sim/hook/cmake_prefix_path.sh'
[0.960s] Level 1:colcon.colcon_core.environment:checking '/home/miriam/my_workspace/install/my_robot_sim/lib'
[0.960s] Level 1:colcon.colcon_core.environment:checking '/home/miriam/my_workspace/install/my_robot_sim/bin'
[0.960s] Level 1:colcon.colcon_core.environment:checking '/home/miriam/my_workspace/install/my_robot_sim/lib/pkgconfig/my_robot_sim.pc'
[0.960s] Level 1:colcon.colcon_core.environment:checking '/home/miriam/my_workspace/install/my_robot_sim/lib/python3.10/site-packages'
[0.960s] Level 1:colcon.colcon_core.environment:checking '/home/miriam/my_workspace/install/my_robot_sim/bin'
[0.961s] INFO:colcon.colcon_core.shell:Creating package script '/home/miriam/my_workspace/install/my_robot_sim/share/my_robot_sim/package.ps1'
[0.961s] INFO:colcon.colcon_core.shell:Creating package descriptor '/home/miriam/my_workspace/install/my_robot_sim/share/my_robot_sim/package.dsv'
[0.962s] INFO:colcon.colcon_core.shell:Creating package script '/home/miriam/my_workspace/install/my_robot_sim/share/my_robot_sim/package.sh'
[0.962s] INFO:colcon.colcon_core.shell:Creating package script '/home/miriam/my_workspace/install/my_robot_sim/share/my_robot_sim/package.bash'
[0.963s] INFO:colcon.colcon_core.shell:Creating package script '/home/miriam/my_workspace/install/my_robot_sim/share/my_robot_sim/package.zsh'
[0.964s] Level 1:colcon.colcon_core.environment:create_file_with_runtime_dependencies(/home/miriam/my_workspace/install/my_robot_sim/share/colcon-core/packages/my_robot_sim)
[1.090s] DEBUG:colcon.colcon_core.event_handler.log_command:Invoked command in '/home/miriam/my_workspace/build/rviz_camera_stream' returned '0': /usr/bin/cmake --build /home/miriam/my_workspace/build/rviz_camera_stream -- -j16 -l16
[1.093s] DEBUG:colcon.colcon_core.event_handler.log_command:Invoking command in '/home/miriam/my_workspace/build/rviz_camera_stream': /usr/bin/cmake --install /home/miriam/my_workspace/build/rviz_camera_stream
[1.113s] DEBUG:colcon.colcon_core.event_handler.log_command:Invoked command in '/home/miriam/my_workspace/build/rviz_camera_stream' returned '0': /usr/bin/cmake --install /home/miriam/my_workspace/build/rviz_camera_stream
[1.114s] Level 1:colcon.colcon_core.shell:create_environment_hook('rviz_camera_stream', 'ros_package_path')
[1.114s] INFO:colcon.colcon_core.shell:Creating environment hook '/home/miriam/my_workspace/install/rviz_camera_stream/share/rviz_camera_stream/hook/ros_package_path.ps1'
[1.116s] INFO:colcon.colcon_core.shell:Creating environment descriptor '/home/miriam/my_workspace/install/rviz_camera_stream/share/rviz_camera_stream/hook/ros_package_path.dsv'
[1.116s] INFO:colcon.colcon_core.shell:Creating environment hook '/home/miriam/my_workspace/install/rviz_camera_stream/share/rviz_camera_stream/hook/ros_package_path.sh'
[1.117s] Level 1:colcon.colcon_core.shell:create_environment_hook('rviz_camera_stream', 'pkg_config_path')
[1.117s] INFO:colcon.colcon_core.shell:Creating environment hook '/home/miriam/my_workspace/install/rviz_camera_stream/share/rviz_camera_stream/hook/pkg_config_path.ps1'
[1.118s] INFO:colcon.colcon_core.shell:Creating environment descriptor '/home/miriam/my_workspace/install/rviz_camera_stream/share/rviz_camera_stream/hook/pkg_config_path.dsv'
[1.118s] INFO:colcon.colcon_core.shell:Creating environment hook '/home/miriam/my_workspace/install/rviz_camera_stream/share/rviz_camera_stream/hook/pkg_config_path.sh'
[1.124s] Level 1:colcon.colcon_core.shell:create_environment_hook('rviz_camera_stream', 'pkg_config_path_multiarch')
[1.125s] INFO:colcon.colcon_core.shell:Creating environment hook '/home/miriam/my_workspace/install/rviz_camera_stream/share/rviz_camera_stream/hook/pkg_config_path_multiarch.ps1'
[1.126s] INFO:colcon.colcon_core.shell:Creating environment descriptor '/home/miriam/my_workspace/install/rviz_camera_stream/share/rviz_camera_stream/hook/pkg_config_path_multiarch.dsv'
[1.126s] INFO:colcon.colcon_core.shell:Creating environment hook '/home/miriam/my_workspace/install/rviz_camera_stream/share/rviz_camera_stream/hook/pkg_config_path_multiarch.sh'
[1.128s] Level 1:colcon.colcon_core.environment:create_environment_scripts_only(rviz_camera_stream)
[1.128s] Level 1:colcon.colcon_core.environment:checking '/home/miriam/my_workspace/install/rviz_camera_stream' for CMake module files
[1.129s] Level 1:colcon.colcon_core.environment:checking '/home/miriam/my_workspace/install/rviz_camera_stream' for CMake config files
[1.129s] Level 1:colcon.colcon_core.shell:create_environment_hook('rviz_camera_stream', 'cmake_prefix_path')
[1.129s] INFO:colcon.colcon_core.shell:Creating environment hook '/home/miriam/my_workspace/install/rviz_camera_stream/share/rviz_camera_stream/hook/cmake_prefix_path.ps1'
[1.130s] INFO:colcon.colcon_core.shell:Creating environment descriptor '/home/miriam/my_workspace/install/rviz_camera_stream/share/rviz_camera_stream/hook/cmake_prefix_path.dsv'
[1.130s] INFO:colcon.colcon_core.shell:Creating environment hook '/home/miriam/my_workspace/install/rviz_camera_stream/share/rviz_camera_stream/hook/cmake_prefix_path.sh'
[1.131s] Level 1:colcon.colcon_core.environment:checking '/home/miriam/my_workspace/install/rviz_camera_stream/lib'
[1.131s] Level 1:colcon.colcon_core.shell:create_environment_hook('rviz_camera_stream', 'ld_library_path_lib')
[1.131s] INFO:colcon.colcon_core.shell:Creating environment hook '/home/miriam/my_workspace/install/rviz_camera_stream/share/rviz_camera_stream/hook/ld_library_path_lib.ps1'
[1.132s] INFO:colcon.colcon_core.shell:Creating environment descriptor '/home/miriam/my_workspace/install/rviz_camera_stream/share/rviz_camera_stream/hook/ld_library_path_lib.dsv'
[1.132s] INFO:colcon.colcon_core.shell:Creating environment hook '/home/miriam/my_workspace/install/rviz_camera_stream/share/rviz_camera_stream/hook/ld_library_path_lib.sh'
[1.133s] Level 1:colcon.colcon_core.environment:checking '/home/miriam/my_workspace/install/rviz_camera_stream/bin'
[1.133s] Level 1:colcon.colcon_core.environment:checking '/home/miriam/my_workspace/install/rviz_camera_stream/lib/pkgconfig/rviz_camera_stream.pc'
[1.133s] Level 1:colcon.colcon_core.environment:checking '/home/miriam/my_workspace/install/rviz_camera_stream/lib/python3.10/site-packages'
[1.133s] Level 1:colcon.colcon_core.environment:checking '/home/miriam/my_workspace/install/rviz_camera_stream/bin'
[1.134s] INFO:colcon.colcon_core.shell:Creating package script '/home/miriam/my_workspace/install/rviz_camera_stream/share/rviz_camera_stream/package.ps1'
[1.134s] INFO:colcon.colcon_core.shell:Creating package descriptor '/home/miriam/my_workspace/install/rviz_camera_stream/share/rviz_camera_stream/package.dsv'
[1.135s] INFO:colcon.colcon_core.shell:Creating package script '/home/miriam/my_workspace/install/rviz_camera_stream/share/rviz_camera_stream/package.sh'
[1.136s] INFO:colcon.colcon_core.shell:Creating package script '/home/miriam/my_workspace/install/rviz_camera_stream/share/rviz_camera_stream/package.bash'
[1.137s] INFO:colcon.colcon_core.shell:Creating package script '/home/miriam/my_workspace/install/rviz_camera_stream/share/rviz_camera_stream/package.zsh'
[1.138s] Level 1:colcon.colcon_core.environment:create_file_with_runtime_dependencies(/home/miriam/my_workspace/install/rviz_camera_stream/share/colcon-core/packages/rviz_camera_stream)
[1.139s] DEBUG:colcon.colcon_parallel_executor.executor.parallel:closing loop
[1.139s] DEBUG:colcon.colcon_parallel_executor.executor.parallel:loop closed
[1.139s] DEBUG:colcon.colcon_parallel_executor.executor.parallel:run_until_complete finished with '0'
[1.139s] DEBUG:colcon.colcon_core.event_reactor:joining thread
[1.147s] INFO:colcon.colcon_core.plugin_system:Skipping extension 'colcon_notification.desktop_notification.terminal_notifier': Not used on non-Darwin systems
[1.147s] INFO:colcon.colcon_core.plugin_system:Skipping extension 'colcon_notification.desktop_notification.win32': Not used on non-Windows systems
[1.147s] INFO:colcon.colcon_notification.desktop_notification:Sending desktop notification using 'notify2'
[1.164s] DEBUG:colcon.colcon_core.event_reactor:joined thread
[1.165s] INFO:colcon.colcon_core.shell:Creating prefix script '/home/miriam/my_workspace/install/local_setup.ps1'
[1.167s] INFO:colcon.colcon_core.shell:Creating prefix util module '/home/miriam/my_workspace/install/_local_setup_util_ps1.py'
[1.169s] INFO:colcon.colcon_core.shell:Creating prefix chain script '/home/miriam/my_workspace/install/setup.ps1'
[1.171s] INFO:colcon.colcon_core.shell:Creating prefix script '/home/miriam/my_workspace/install/local_setup.sh'
[1.172s] INFO:colcon.colcon_core.shell:Creating prefix util module '/home/miriam/my_workspace/install/_local_setup_util_sh.py'
[1.173s] INFO:colcon.colcon_core.shell:Creating prefix chain script '/home/miriam/my_workspace/install/setup.sh'
[1.174s] INFO:colcon.colcon_core.shell:Creating prefix script '/home/miriam/my_workspace/install/local_setup.bash'
[1.175s] INFO:colcon.colcon_core.shell:Creating prefix chain script '/home/miriam/my_workspace/install/setup.bash'
[1.177s] INFO:colcon.colcon_core.shell:Creating prefix script '/home/miriam/my_workspace/install/local_setup.zsh'
[1.178s] INFO:colcon.colcon_core.shell:Creating prefix chain script '/home/miriam/my_workspace/install/setup.zsh'
