-- Install configuration: ""
-- Up-to-date: /home/miriam/my_workspace/install/my_robot_sim/share/my_robot_sim/urdf
-- Up-to-date: /home/miriam/my_workspace/install/my_robot_sim/share/my_robot_sim/urdf/my_robot.urdf
-- Up-to-date: /home/miriam/my_workspace/install/my_robot_sim/share/my_robot_sim/meshes
-- Up-to-date: /home/miriam/my_workspace/install/my_robot_sim/share/my_robot_sim/meshes/rsc_flipperv8.STL
-- Up-to-date: /home/miriam/my_workspace/install/my_robot_sim/share/my_robot_sim/meshes/body2.STL
-- Up-to-date: /home/miriam/my_workspace/install/my_robot_sim/share/my_robot_sim/meshes/cornice.STL
-- Up-to-date: /home/miriam/my_workspace/install/my_robot_sim/share/my_robot_sim/meshes/base.STL
-- Up-to-date: /home/miriam/my_workspace/install/my_robot_sim/share/my_robot_sim/meshes/piattello_button.STL
-- Up-to-date: /home/miriam/my_workspace/install/my_robot_sim/share/my_robot_sim/meshes/screen.STL
-- Up-to-date: /home/miriam/my_workspace/install/my_robot_sim/share/my_robot_sim/meshes/LCD.STL
-- Up-to-date: /home/miriam/my_workspace/install/my_robot_sim/share/my_robot_sim/meshes/assyv4v67.STL
-- Up-to-date: /home/miriam/my_workspace/install/my_robot_sim/share/my_robot_sim/meshes/body.STL
-- Up-to-date: /home/miriam/my_workspace/install/my_robot_sim/share/my_robot_sim/meshes/button.STL
-- Up-to-date: /home/miriam/my_workspace/install/my_robot_sim/share/my_robot_sim/meshes/back.STL
-- Up-to-date: /home/miriam/my_workspace/install/my_robot_sim/share/my_robot_sim/rviz
-- Up-to-date: /home/miriam/my_workspace/install/my_robot_sim/share/my_robot_sim/rviz/view_robot.rviz
-- Up-to-date: /home/miriam/my_workspace/install/my_robot_sim/share/my_robot_sim/rviz/view_robot2.rviz
-- Up-to-date: /home/miriam/my_workspace/install/my_robot_sim/share/my_robot_sim/rviz/view_robot3.rviz
-- Up-to-date: /home/miriam/my_workspace/install/my_robot_sim/share/my_robot_sim/launch
-- Up-to-date: /home/miriam/my_workspace/install/my_robot_sim/share/my_robot_sim/launch/display_robot.launch.py
-- Up-to-date: /home/miriam/my_workspace/install/my_robot_sim/share/my_robot_sim/textures
-- Up-to-date: /home/miriam/my_workspace/install/my_robot_sim/share/my_robot_sim/textures/surprise.jpg
-- Up-to-date: /home/miriam/my_workspace/install/my_robot_sim/share/my_robot_sim/textures/sadness2.jpg
-- Up-to-date: /home/miriam/my_workspace/install/my_robot_sim/share/my_robot_sim/textures/anger2.jpg
-- Up-to-date: /home/miriam/my_workspace/install/my_robot_sim/share/my_robot_sim/textures/sadness.jpg
-- Up-to-date: /home/miriam/my_workspace/install/my_robot_sim/share/my_robot_sim/textures/surprise2.jpg
-- Up-to-date: /home/miriam/my_workspace/install/my_robot_sim/share/my_robot_sim/textures/smile2.jpg
-- Up-to-date: /home/miriam/my_workspace/install/my_robot_sim/share/my_robot_sim/textures/anger.jpg
-- Up-to-date: /home/miriam/my_workspace/install/my_robot_sim/share/my_robot_sim/textures/joy2.jpg
-- Up-to-date: /home/miriam/my_workspace/install/my_robot_sim/share/my_robot_sim/textures/joy4.jpg
-- Up-to-date: /home/miriam/my_workspace/install/my_robot_sim/share/my_robot_sim/textures/resized_smile.png
-- Up-to-date: /home/miriam/my_workspace/install/my_robot_sim/share/my_robot_sim/textures/jot.jpg
-- Up-to-date: /home/miriam/my_workspace/install/my_robot_sim/share/my_robot_sim/textures/resized_smile2.jpg
-- Up-to-date: /home/miriam/my_workspace/install/my_robot_sim/share/my_robot_sim/textures/smile.png
-- Up-to-date: /home/miriam/my_workspace/install/my_robot_sim/share/my_robot_sim/textures/joy3.jpg
-- Up-to-date: /home/miriam/my_workspace/install/my_robot_sim/share/my_robot_sim/textures/sadness3.jpg
-- Up-to-date: /home/miriam/my_workspace/install/my_robot_sim/share/my_robot_sim/package.xml
-- Up-to-date: /home/miriam/my_workspace/install/my_robot_sim/lib/my_robot_sim/arm_controller.py
-- Up-to-date: /home/miriam/my_workspace/install/my_robot_sim/lib/my_robot_sim/video_publisher.py
-- Up-to-date: /home/miriam/my_workspace/install/my_robot_sim/lib/my_robot_sim/joy.py
-- Up-to-date: /home/miriam/my_workspace/install/my_robot_sim/lib/my_robot_sim
-- Up-to-date: /home/miriam/my_workspace/install/my_robot_sim/lib/my_robot_sim/video_panel.py
-- Up-to-date: /home/miriam/my_workspace/install/my_robot_sim/share/my_robot_sim/plugin_description.xml
-- Up-to-date: /home/miriam/my_workspace/install/my_robot_sim/share/ament_index/resource_index/package_run_dependencies/my_robot_sim
-- Up-to-date: /home/miriam/my_workspace/install/my_robot_sim/share/ament_index/resource_index/parent_prefix_path/my_robot_sim
-- Up-to-date: /home/miriam/my_workspace/install/my_robot_sim/share/my_robot_sim/environment/ament_prefix_path.sh
-- Up-to-date: /home/miriam/my_workspace/install/my_robot_sim/share/my_robot_sim/environment/ament_prefix_path.dsv
-- Up-to-date: /home/miriam/my_workspace/install/my_robot_sim/share/my_robot_sim/environment/path.sh
-- Up-to-date: /home/miriam/my_workspace/install/my_robot_sim/share/my_robot_sim/environment/path.dsv
-- Up-to-date: /home/miriam/my_workspace/install/my_robot_sim/share/my_robot_sim/local_setup.bash
-- Up-to-date: /home/miriam/my_workspace/install/my_robot_sim/share/my_robot_sim/local_setup.sh
-- Up-to-date: /home/miriam/my_workspace/install/my_robot_sim/share/my_robot_sim/local_setup.zsh
-- Up-to-date: /home/miriam/my_workspace/install/my_robot_sim/share/my_robot_sim/local_setup.dsv
-- Installing: /home/miriam/my_workspace/install/my_robot_sim/share/my_robot_sim/package.dsv
-- Up-to-date: /home/miriam/my_workspace/install/my_robot_sim/share/ament_index/resource_index/packages/my_robot_sim
-- Up-to-date: /home/miriam/my_workspace/install/my_robot_sim/share/my_robot_sim/cmake/my_robot_simConfig.cmake
-- Up-to-date: /home/miriam/my_workspace/install/my_robot_sim/share/my_robot_sim/cmake/my_robot_simConfig-version.cmake
-- Up-to-date: /home/miriam/my_workspace/install/my_robot_sim/share/my_robot_sim/package.xml
