[0.020s] Invoking command in '/home/miriam/my_workspace/build/my_robot_sim': CMAKE_PREFIX_PATH=/home/miriam/my_workspace/install:/opt/ros/humble /usr/bin/cmake --build /home/miriam/my_workspace/build/my_robot_sim -- -j16 -l16
[0.074s] Invoked command in '/home/miriam/my_workspace/build/my_robot_sim' returned '0': CMAKE_PREFIX_PATH=/home/miriam/my_workspace/install:/opt/ros/humble /usr/bin/cmake --build /home/miriam/my_workspace/build/my_robot_sim -- -j16 -l16
[0.090s] Invoking command in '/home/miriam/my_workspace/build/my_robot_sim': CMAKE_PREFIX_PATH=/home/miriam/my_workspace/install:/opt/ros/humble /usr/bin/cmake --install /home/miriam/my_workspace/build/my_robot_sim
[0.099s] -- Install configuration: ""
[0.099s] -- Up-to-date: /home/miriam/my_workspace/install/my_robot_sim/share/my_robot_sim/urdf
[0.100s] -- Up-to-date: /home/miriam/my_workspace/install/my_robot_sim/share/my_robot_sim/urdf/my_robot.urdf
[0.100s] -- Up-to-date: /home/miriam/my_workspace/install/my_robot_sim/share/my_robot_sim/meshes
[0.100s] -- Up-to-date: /home/miriam/my_workspace/install/my_robot_sim/share/my_robot_sim/meshes/rsc_flipperv8.STL
[0.101s] -- Up-to-date: /home/miriam/my_workspace/install/my_robot_sim/share/my_robot_sim/meshes/body2.STL
[0.101s] -- Up-to-date: /home/miriam/my_workspace/install/my_robot_sim/share/my_robot_sim/meshes/cornice.STL
[0.101s] -- Up-to-date: /home/miriam/my_workspace/install/my_robot_sim/share/my_robot_sim/meshes/base.STL
[0.101s] -- Up-to-date: /home/miriam/my_workspace/install/my_robot_sim/share/my_robot_sim/meshes/piattello_button.STL
[0.101s] -- Up-to-date: /home/miriam/my_workspace/install/my_robot_sim/share/my_robot_sim/meshes/screen.STL
[0.101s] -- Up-to-date: /home/miriam/my_workspace/install/my_robot_sim/share/my_robot_sim/meshes/LCD.STL
[0.101s] -- Up-to-date: /home/miriam/my_workspace/install/my_robot_sim/share/my_robot_sim/meshes/assyv4v67.STL
[0.101s] -- Up-to-date: /home/miriam/my_workspace/install/my_robot_sim/share/my_robot_sim/meshes/body.STL
[0.101s] -- Up-to-date: /home/miriam/my_workspace/install/my_robot_sim/share/my_robot_sim/meshes/button.STL
[0.101s] -- Up-to-date: /home/miriam/my_workspace/install/my_robot_sim/share/my_robot_sim/meshes/back.STL
[0.101s] -- Up-to-date: /home/miriam/my_workspace/install/my_robot_sim/share/my_robot_sim/rviz
[0.102s] -- Up-to-date: /home/miriam/my_workspace/install/my_robot_sim/share/my_robot_sim/rviz/view_robot.rviz
[0.102s] -- Up-to-date: /home/miriam/my_workspace/install/my_robot_sim/share/my_robot_sim/rviz/view_robot2.rviz
[0.102s] -- Up-to-date: /home/miriam/my_workspace/install/my_robot_sim/share/my_robot_sim/rviz/view_robot3.rviz
[0.102s] -- Up-to-date: /home/miriam/my_workspace/install/my_robot_sim/share/my_robot_sim/launch
[0.102s] -- Up-to-date: /home/miriam/my_workspace/install/my_robot_sim/share/my_robot_sim/launch/display_robot.launch.py
[0.102s] -- Up-to-date: /home/miriam/my_workspace/install/my_robot_sim/share/my_robot_sim/textures
[0.102s] -- Up-to-date: /home/miriam/my_workspace/install/my_robot_sim/share/my_robot_sim/textures/surprise.jpg
[0.102s] -- Up-to-date: /home/miriam/my_workspace/install/my_robot_sim/share/my_robot_sim/textures/sadness2.jpg
[0.102s] -- Up-to-date: /home/miriam/my_workspace/install/my_robot_sim/share/my_robot_sim/textures/anger2.jpg
[0.102s] -- Up-to-date: /home/miriam/my_workspace/install/my_robot_sim/share/my_robot_sim/textures/sadness.jpg
[0.102s] -- Up-to-date: /home/miriam/my_workspace/install/my_robot_sim/share/my_robot_sim/textures/surprise2.jpg
[0.102s] -- Up-to-date: /home/miriam/my_workspace/install/my_robot_sim/share/my_robot_sim/textures/smile2.jpg
[0.102s] -- Up-to-date: /home/miriam/my_workspace/install/my_robot_sim/share/my_robot_sim/textures/anger.jpg
[0.102s] -- Up-to-date: /home/miriam/my_workspace/install/my_robot_sim/share/my_robot_sim/textures/joy2.jpg
[0.102s] -- Up-to-date: /home/miriam/my_workspace/install/my_robot_sim/share/my_robot_sim/textures/joy4.jpg
[0.102s] -- Up-to-date: /home/miriam/my_workspace/install/my_robot_sim/share/my_robot_sim/textures/resized_smile.png
[0.103s] -- Up-to-date: /home/miriam/my_workspace/install/my_robot_sim/share/my_robot_sim/textures/jot.jpg
[0.103s] -- Up-to-date: /home/miriam/my_workspace/install/my_robot_sim/share/my_robot_sim/textures/resized_smile2.jpg
[0.103s] -- Up-to-date: /home/miriam/my_workspace/install/my_robot_sim/share/my_robot_sim/textures/smile.png
[0.103s] -- Up-to-date: /home/miriam/my_workspace/install/my_robot_sim/share/my_robot_sim/textures/joy3.jpg
[0.103s] -- Up-to-date: /home/miriam/my_workspace/install/my_robot_sim/share/my_robot_sim/textures/sadness3.jpg
[0.103s] -- Up-to-date: /home/miriam/my_workspace/install/my_robot_sim/share/my_robot_sim/package.xml
[0.103s] -- Up-to-date: /home/miriam/my_workspace/install/my_robot_sim/lib/my_robot_sim/arm_controller.py
[0.103s] -- Up-to-date: /home/miriam/my_workspace/install/my_robot_sim/lib/my_robot_sim/video_publisher.py
[0.103s] -- Up-to-date: /home/miriam/my_workspace/install/my_robot_sim/lib/my_robot_sim/joy.py
[0.103s] -- Up-to-date: /home/miriam/my_workspace/install/my_robot_sim/lib/my_robot_sim
[0.103s] -- Up-to-date: /home/miriam/my_workspace/install/my_robot_sim/lib/my_robot_sim/video_panel.py
[0.103s] -- Up-to-date: /home/miriam/my_workspace/install/my_robot_sim/share/my_robot_sim/plugin_description.xml
[0.103s] -- Up-to-date: /home/miriam/my_workspace/install/my_robot_sim/share/ament_index/resource_index/package_run_dependencies/my_robot_sim
[0.104s] -- Up-to-date: /home/miriam/my_workspace/install/my_robot_sim/share/ament_index/resource_index/parent_prefix_path/my_robot_sim
[0.104s] -- Up-to-date: /home/miriam/my_workspace/install/my_robot_sim/share/my_robot_sim/environment/ament_prefix_path.sh
[0.104s] -- Up-to-date: /home/miriam/my_workspace/install/my_robot_sim/share/my_robot_sim/environment/ament_prefix_path.dsv
[0.104s] -- Up-to-date: /home/miriam/my_workspace/install/my_robot_sim/share/my_robot_sim/environment/path.sh
[0.104s] -- Up-to-date: /home/miriam/my_workspace/install/my_robot_sim/share/my_robot_sim/environment/path.dsv
[0.104s] -- Up-to-date: /home/miriam/my_workspace/install/my_robot_sim/share/my_robot_sim/local_setup.bash
[0.104s] -- Up-to-date: /home/miriam/my_workspace/install/my_robot_sim/share/my_robot_sim/local_setup.sh
[0.105s] -- Up-to-date: /home/miriam/my_workspace/install/my_robot_sim/share/my_robot_sim/local_setup.zsh
[0.105s] -- Up-to-date: /home/miriam/my_workspace/install/my_robot_sim/share/my_robot_sim/local_setup.dsv
[0.105s] -- Installing: /home/miriam/my_workspace/install/my_robot_sim/share/my_robot_sim/package.dsv
[0.105s] -- Up-to-date: /home/miriam/my_workspace/install/my_robot_sim/share/ament_index/resource_index/packages/my_robot_sim
[0.105s] -- Up-to-date: /home/miriam/my_workspace/install/my_robot_sim/share/my_robot_sim/cmake/my_robot_simConfig.cmake
[0.106s] -- Up-to-date: /home/miriam/my_workspace/install/my_robot_sim/share/my_robot_sim/cmake/my_robot_simConfig-version.cmake
[0.106s] -- Up-to-date: /home/miriam/my_workspace/install/my_robot_sim/share/my_robot_sim/package.xml
[0.106s] Invoked command in '/home/miriam/my_workspace/build/my_robot_sim' returned '0': CMAKE_PREFIX_PATH=/home/miriam/my_workspace/install:/opt/ros/humble /usr/bin/cmake --install /home/miriam/my_workspace/build/my_robot_sim
