[ 16%] [34m[1mAutomatic MOC and UIC for target rviz_camera_stream[0m
AutoMoc warning
---------------
"SRC:/src/camera_display.cpp"
includes the moc file "camera_display.moc", but does not contain a Q_OBJECT, Q_GADGET, Q_NAMESPACE or Q_NAMESPACE_EXPORT macro.

[ 16%] Built target rviz_camera_stream_autogen
[35m[1mConsolidate compiler generated dependencies of target rviz_camera_stream[0m
[100%] Built target rviz_camera_stream
-- Install configuration: ""
-- Up-to-date: /home/miriam/my_workspace/install/rviz_camera_stream/lib/librviz_camera_stream.so
-- Up-to-date: /home/miriam/my_workspace/install/rviz_camera_stream/share/ament_index/resource_index/rviz_plugin_description/plugin_description.xml
-- Up-to-date: /home/miriam/my_workspace/install/rviz_camera_stream/share/rviz_camera_stream/config
-- Up-to-date: /home/miriam/my_workspace/install/rviz_camera_stream/share/rviz_camera_stream/config/rviz_camera_stream.rviz
-- Up-to-date: /home/miriam/my_workspace/install/rviz_camera_stream/share/rviz_camera_stream/launch
-- Up-to-date: /home/miriam/my_workspace/install/rviz_camera_stream/share/rviz_camera_stream/launch/demo.launch
-- Up-to-date: /home/miriam/my_workspace/install/rviz_camera_stream/share/ament_index/resource_index/package_run_dependencies/rviz_camera_stream
-- Up-to-date: /home/miriam/my_workspace/install/rviz_camera_stream/share/ament_index/resource_index/parent_prefix_path/rviz_camera_stream
-- Up-to-date: /home/miriam/my_workspace/install/rviz_camera_stream/share/rviz_camera_stream/environment/ament_prefix_path.sh
-- Up-to-date: /home/miriam/my_workspace/install/rviz_camera_stream/share/rviz_camera_stream/environment/ament_prefix_path.dsv
-- Up-to-date: /home/miriam/my_workspace/install/rviz_camera_stream/share/rviz_camera_stream/environment/path.sh
-- Up-to-date: /home/miriam/my_workspace/install/rviz_camera_stream/share/rviz_camera_stream/environment/path.dsv
-- Up-to-date: /home/miriam/my_workspace/install/rviz_camera_stream/share/rviz_camera_stream/local_setup.bash
-- Up-to-date: /home/miriam/my_workspace/install/rviz_camera_stream/share/rviz_camera_stream/local_setup.sh
-- Up-to-date: /home/miriam/my_workspace/install/rviz_camera_stream/share/rviz_camera_stream/local_setup.zsh
-- Up-to-date: /home/miriam/my_workspace/install/rviz_camera_stream/share/rviz_camera_stream/local_setup.dsv
-- Installing: /home/miriam/my_workspace/install/rviz_camera_stream/share/rviz_camera_stream/package.dsv
-- Up-to-date: /home/miriam/my_workspace/install/rviz_camera_stream/share/ament_index/resource_index/packages/rviz_camera_stream
-- Up-to-date: /home/miriam/my_workspace/install/rviz_camera_stream/share/rviz_camera_stream/cmake/ament_cmake_export_dependencies-extras.cmake
-- Up-to-date: /home/miriam/my_workspace/install/rviz_camera_stream/share/rviz_camera_stream/cmake/rviz_camera_streamConfig.cmake
-- Up-to-date: /home/miriam/my_workspace/install/rviz_camera_stream/share/rviz_camera_stream/cmake/rviz_camera_streamConfig-version.cmake
-- Up-to-date: /home/miriam/my_workspace/install/rviz_camera_stream/share/rviz_camera_stream/package.xml
