[0.021s] Invoking command in '/home/miriam/my_workspace/build/rviz_camera_stream': /usr/bin/cmake --build /home/miriam/my_workspace/build/rviz_camera_stream -- -j16 -l16
[0.131s] [ 16%] [34m[1mAutomatic MOC and UIC for target rviz_camera_stream[0m
[0.149s] AutoMoc warning
[0.149s] ---------------
[0.149s] "SRC:/src/camera_display.cpp"
[0.149s] includes the moc file "camera_display.moc", but does not contain a Q_OBJECT, Q_GADGET, Q_NAMESPACE or Q_NAMESPACE_EXPORT macro.
[0.149s] 
[0.185s] [ 16%] Built target rviz_camera_stream_autogen
[0.221s] [35m[1mConsolidate compiler generated dependencies of target rviz_camera_stream[0m
[0.262s] [100%] Built target rviz_camera_stream
[0.283s] Invoked command in '/home/miriam/my_workspace/build/rviz_camera_stream' returned '0': /usr/bin/cmake --build /home/miriam/my_workspace/build/rviz_camera_stream -- -j16 -l16
[0.286s] Invoking command in '/home/miriam/my_workspace/build/rviz_camera_stream': /usr/bin/cmake --install /home/miriam/my_workspace/build/rviz_camera_stream
[0.297s] -- Install configuration: ""
[0.299s] -- Up-to-date: /home/miriam/my_workspace/install/rviz_camera_stream/lib/librviz_camera_stream.so
[0.300s] -- Up-to-date: /home/miriam/my_workspace/install/rviz_camera_stream/share/ament_index/resource_index/rviz_plugin_description/plugin_description.xml
[0.300s] -- Up-to-date: /home/miriam/my_workspace/install/rviz_camera_stream/share/rviz_camera_stream/config
[0.301s] -- Up-to-date: /home/miriam/my_workspace/install/rviz_camera_stream/share/rviz_camera_stream/config/rviz_camera_stream.rviz
[0.301s] -- Up-to-date: /home/miriam/my_workspace/install/rviz_camera_stream/share/rviz_camera_stream/launch
[0.301s] -- Up-to-date: /home/miriam/my_workspace/install/rviz_camera_stream/share/rviz_camera_stream/launch/demo.launch
[0.301s] -- Up-to-date: /home/miriam/my_workspace/install/rviz_camera_stream/share/ament_index/resource_index/package_run_dependencies/rviz_camera_stream
[0.301s] -- Up-to-date: /home/miriam/my_workspace/install/rviz_camera_stream/share/ament_index/resource_index/parent_prefix_path/rviz_camera_stream
[0.302s] -- Up-to-date: /home/miriam/my_workspace/install/rviz_camera_stream/share/rviz_camera_stream/environment/ament_prefix_path.sh
[0.302s] -- Up-to-date: /home/miriam/my_workspace/install/rviz_camera_stream/share/rviz_camera_stream/environment/ament_prefix_path.dsv
[0.302s] -- Up-to-date: /home/miriam/my_workspace/install/rviz_camera_stream/share/rviz_camera_stream/environment/path.sh
[0.302s] -- Up-to-date: /home/miriam/my_workspace/install/rviz_camera_stream/share/rviz_camera_stream/environment/path.dsv
[0.302s] -- Up-to-date: /home/miriam/my_workspace/install/rviz_camera_stream/share/rviz_camera_stream/local_setup.bash
[0.302s] -- Up-to-date: /home/miriam/my_workspace/install/rviz_camera_stream/share/rviz_camera_stream/local_setup.sh
[0.302s] -- Up-to-date: /home/miriam/my_workspace/install/rviz_camera_stream/share/rviz_camera_stream/local_setup.zsh
[0.302s] -- Up-to-date: /home/miriam/my_workspace/install/rviz_camera_stream/share/rviz_camera_stream/local_setup.dsv
[0.302s] -- Installing: /home/miriam/my_workspace/install/rviz_camera_stream/share/rviz_camera_stream/package.dsv
[0.303s] -- Up-to-date: /home/miriam/my_workspace/install/rviz_camera_stream/share/ament_index/resource_index/packages/rviz_camera_stream
[0.303s] -- Up-to-date: /home/miriam/my_workspace/install/rviz_camera_stream/share/rviz_camera_stream/cmake/ament_cmake_export_dependencies-extras.cmake
[0.303s] -- Up-to-date: /home/miriam/my_workspace/install/rviz_camera_stream/share/rviz_camera_stream/cmake/rviz_camera_streamConfig.cmake
[0.303s] -- Up-to-date: /home/miriam/my_workspace/install/rviz_camera_stream/share/rviz_camera_stream/cmake/rviz_camera_streamConfig-version.cmake
[0.303s] -- Up-to-date: /home/miriam/my_workspace/install/rviz_camera_stream/share/rviz_camera_stream/package.xml
[0.307s] Invoked command in '/home/miriam/my_workspace/build/rviz_camera_stream' returned '0': /usr/bin/cmake --install /home/miriam/my_workspace/build/rviz_camera_stream
