[0.128s] DEBUG:colcon:Command line arguments: ['/usr/bin/colcon', 'build']
[0.128s] DEBUG:colcon:Parsed command line arguments: Namespace(log_base=None, log_level=None, verb_name='build', build_base='build', install_base='install', merge_install=False, symlink_install=False, test_result_base=None, continue_on_error=False, executor='parallel', parallel_workers=16, event_handlers=None, ignore_user_meta=False, metas=['./colcon.meta'], base_paths=['.'], packages_ignore=None, packages_ignore_regex=None, paths=None, packages_up_to=None, packages_up_to_regex=None, packages_above=None, packages_above_and_dependencies=None, packages_above_depth=None, packages_select_by_dep=None, packages_skip_by_dep=None, packages_skip_up_to=None, packages_select_build_failed=False, packages_skip_build_finished=False, packages_select_test_failures=False, packages_skip_test_passed=False, packages_select=None, packages_skip=None, packages_select_regex=None, packages_skip_regex=None, packages_start=None, packages_end=None, allow_overriding=[], cmake_args=None, cmake_target=None, cmake_target_skip_unavailable=False, cmake_clean_cache=False, cmake_clean_first=False, cmake_force_configure=False, ament_cmake_args=None, catkin_cmake_args=None, catkin_skip_building_tests=False, mixin_files=None, mixin=None, verb_parser=<colcon_mixin.mixin.mixin_argument.MixinArgumentDecorator object at 0x7f725012e890>, verb_extension=<colcon_core.verb.build.BuildVerb object at 0x7f725012e320>, main=<bound method BuildVerb.main of <colcon_core.verb.build.BuildVerb object at 0x7f725012e320>>, mixin_verb=('build',))
[0.320s] Level 1:colcon.colcon_core.package_discovery:discover_packages(colcon_meta) check parameters
[0.320s] Level 1:colcon.colcon_core.package_discovery:discover_packages(recursive) check parameters
[0.320s] Level 1:colcon.colcon_core.package_discovery:discover_packages(ignore) check parameters
[0.320s] Level 1:colcon.colcon_core.package_discovery:discover_packages(path) check parameters
[0.320s] Level 1:colcon.colcon_core.package_discovery:discover_packages(colcon_meta) discover
[0.320s] Level 1:colcon.colcon_core.package_discovery:discover_packages(recursive) discover
[0.321s] INFO:colcon.colcon_core.package_discovery:Crawling recursively for packages in '/home/miriam/my_workspace'
[0.321s] Level 1:colcon.colcon_core.package_identification:_identify(.) by extensions ['ignore', 'ignore_ament_install']
[0.321s] Level 1:colcon.colcon_core.package_identification:_identify(.) by extension 'ignore'
[0.321s] Level 1:colcon.colcon_core.package_identification:_identify(.) by extension 'ignore_ament_install'
[0.321s] Level 1:colcon.colcon_core.package_identification:_identify(.) by extensions ['colcon_pkg']
[0.321s] Level 1:colcon.colcon_core.package_identification:_identify(.) by extension 'colcon_pkg'
[0.321s] Level 1:colcon.colcon_core.package_identification:_identify(.) by extensions ['colcon_meta']
[0.321s] Level 1:colcon.colcon_core.package_identification:_identify(.) by extension 'colcon_meta'
[0.321s] Level 1:colcon.colcon_core.package_identification:_identify(.) by extensions ['ros']
[0.321s] Level 1:colcon.colcon_core.package_identification:_identify(.) by extension 'ros'
[0.335s] Level 1:colcon.colcon_core.package_identification:_identify(.) by extensions ['cmake', 'python']
[0.335s] Level 1:colcon.colcon_core.package_identification:_identify(.) by extension 'cmake'
[0.335s] Level 1:colcon.colcon_core.package_identification:_identify(.) by extension 'python'
[0.335s] Level 1:colcon.colcon_core.package_identification:_identify(.) by extensions ['python_setup_py']
[0.335s] Level 1:colcon.colcon_core.package_identification:_identify(.) by extension 'python_setup_py'
[0.335s] Level 1:colcon.colcon_core.package_identification:_identify(build) by extensions ['ignore', 'ignore_ament_install']
[0.335s] Level 1:colcon.colcon_core.package_identification:_identify(build) by extension 'ignore'
[0.335s] Level 1:colcon.colcon_core.package_identification:_identify(build) ignored
[0.335s] Level 1:colcon.colcon_core.package_identification:_identify(install) by extensions ['ignore', 'ignore_ament_install']
[0.336s] Level 1:colcon.colcon_core.package_identification:_identify(install) by extension 'ignore'
[0.336s] Level 1:colcon.colcon_core.package_identification:_identify(install) ignored
[0.336s] Level 1:colcon.colcon_core.package_identification:_identify(log) by extensions ['ignore', 'ignore_ament_install']
[0.336s] Level 1:colcon.colcon_core.package_identification:_identify(log) by extension 'ignore'
[0.336s] Level 1:colcon.colcon_core.package_identification:_identify(log) ignored
[0.336s] Level 1:colcon.colcon_core.package_identification:_identify(src) by extensions ['ignore', 'ignore_ament_install']
[0.336s] Level 1:colcon.colcon_core.package_identification:_identify(src) by extension 'ignore'
[0.336s] Level 1:colcon.colcon_core.package_identification:_identify(src) by extension 'ignore_ament_install'
[0.336s] Level 1:colcon.colcon_core.package_identification:_identify(src) by extensions ['colcon_pkg']
[0.336s] Level 1:colcon.colcon_core.package_identification:_identify(src) by extension 'colcon_pkg'
[0.336s] Level 1:colcon.colcon_core.package_identification:_identify(src) by extensions ['colcon_meta']
[0.336s] Level 1:colcon.colcon_core.package_identification:_identify(src) by extension 'colcon_meta'
[0.336s] Level 1:colcon.colcon_core.package_identification:_identify(src) by extensions ['ros']
[0.336s] Level 1:colcon.colcon_core.package_identification:_identify(src) by extension 'ros'
[0.336s] Level 1:colcon.colcon_core.package_identification:_identify(src) by extensions ['cmake', 'python']
[0.336s] Level 1:colcon.colcon_core.package_identification:_identify(src) by extension 'cmake'
[0.336s] Level 1:colcon.colcon_core.package_identification:_identify(src) by extension 'python'
[0.336s] Level 1:colcon.colcon_core.package_identification:_identify(src) by extensions ['python_setup_py']
[0.337s] Level 1:colcon.colcon_core.package_identification:_identify(src) by extension 'python_setup_py'
[0.337s] Level 1:colcon.colcon_core.package_identification:_identify(src/my_robot_sim) by extensions ['ignore', 'ignore_ament_install']
[0.337s] Level 1:colcon.colcon_core.package_identification:_identify(src/my_robot_sim) by extension 'ignore'
[0.337s] Level 1:colcon.colcon_core.package_identification:_identify(src/my_robot_sim) by extension 'ignore_ament_install'
[0.337s] Level 1:colcon.colcon_core.package_identification:_identify(src/my_robot_sim) by extensions ['colcon_pkg']
[0.337s] Level 1:colcon.colcon_core.package_identification:_identify(src/my_robot_sim) by extension 'colcon_pkg'
[0.337s] Level 1:colcon.colcon_core.package_identification:_identify(src/my_robot_sim) by extensions ['colcon_meta']
[0.337s] Level 1:colcon.colcon_core.package_identification:_identify(src/my_robot_sim) by extension 'colcon_meta'
[0.337s] Level 1:colcon.colcon_core.package_identification:_identify(src/my_robot_sim) by extensions ['ros']
[0.337s] Level 1:colcon.colcon_core.package_identification:_identify(src/my_robot_sim) by extension 'ros'
[0.340s] DEBUG:colcon.colcon_core.package_identification:Package 'src/my_robot_sim' with type 'ros.ament_cmake' and name 'my_robot_sim'
[0.340s] Level 1:colcon.colcon_core.package_identification:_identify(src/rviz_camera_stream) by extensions ['ignore', 'ignore_ament_install']
[0.340s] Level 1:colcon.colcon_core.package_identification:_identify(src/rviz_camera_stream) by extension 'ignore'
[0.341s] Level 1:colcon.colcon_core.package_identification:_identify(src/rviz_camera_stream) by extension 'ignore_ament_install'
[0.341s] Level 1:colcon.colcon_core.package_identification:_identify(src/rviz_camera_stream) by extensions ['colcon_pkg']
[0.341s] Level 1:colcon.colcon_core.package_identification:_identify(src/rviz_camera_stream) by extension 'colcon_pkg'
[0.341s] Level 1:colcon.colcon_core.package_identification:_identify(src/rviz_camera_stream) by extensions ['colcon_meta']
[0.341s] Level 1:colcon.colcon_core.package_identification:_identify(src/rviz_camera_stream) by extension 'colcon_meta'
[0.341s] Level 1:colcon.colcon_core.package_identification:_identify(src/rviz_camera_stream) by extensions ['ros']
[0.341s] Level 1:colcon.colcon_core.package_identification:_identify(src/rviz_camera_stream) by extension 'ros'
[0.342s] DEBUG:colcon.colcon_core.package_identification:Package 'src/rviz_camera_stream' with type 'ros.catkin' and name 'rviz_camera_stream'
[0.342s] Level 1:colcon.colcon_core.package_discovery:discover_packages(recursive) using defaults
[0.342s] Level 1:colcon.colcon_core.package_discovery:discover_packages(ignore) discover
[0.342s] Level 1:colcon.colcon_core.package_discovery:discover_packages(ignore) using defaults
[0.342s] Level 1:colcon.colcon_core.package_discovery:discover_packages(path) discover
[0.342s] Level 1:colcon.colcon_core.package_discovery:discover_packages(path) using defaults
[0.395s] Level 1:colcon.colcon_core.package_discovery:discover_packages(prefix_path) check parameters
[0.395s] Level 1:colcon.colcon_core.package_discovery:discover_packages(prefix_path) discover
[0.398s] DEBUG:colcon.colcon_installed_package_information.package_discovery:Found 272 installed packages in /opt/ros/humble
[0.400s] Level 1:colcon.colcon_core.package_discovery:discover_packages(prefix_path) using defaults
[0.442s] Level 5:colcon.colcon_core.verb:set package 'my_robot_sim' build argument 'cmake_args' from command line to 'None'
[0.442s] Level 5:colcon.colcon_core.verb:set package 'my_robot_sim' build argument 'cmake_target' from command line to 'None'
[0.442s] Level 5:colcon.colcon_core.verb:set package 'my_robot_sim' build argument 'cmake_target_skip_unavailable' from command line to 'False'
[0.442s] Level 5:colcon.colcon_core.verb:set package 'my_robot_sim' build argument 'cmake_clean_cache' from command line to 'False'
[0.442s] Level 5:colcon.colcon_core.verb:set package 'my_robot_sim' build argument 'cmake_clean_first' from command line to 'False'
[0.442s] Level 5:colcon.colcon_core.verb:set package 'my_robot_sim' build argument 'cmake_force_configure' from command line to 'False'
[0.442s] Level 5:colcon.colcon_core.verb:set package 'my_robot_sim' build argument 'ament_cmake_args' from command line to 'None'
[0.442s] Level 5:colcon.colcon_core.verb:set package 'my_robot_sim' build argument 'catkin_cmake_args' from command line to 'None'
[0.442s] Level 5:colcon.colcon_core.verb:set package 'my_robot_sim' build argument 'catkin_skip_building_tests' from command line to 'False'
[0.442s] DEBUG:colcon.colcon_core.verb:Building package 'my_robot_sim' with the following arguments: {'ament_cmake_args': None, 'build_base': '/home/miriam/my_workspace/build/my_robot_sim', 'catkin_cmake_args': None, 'catkin_skip_building_tests': False, 'cmake_args': None, 'cmake_clean_cache': False, 'cmake_clean_first': False, 'cmake_force_configure': False, 'cmake_target': None, 'cmake_target_skip_unavailable': False, 'install_base': '/home/miriam/my_workspace/install/my_robot_sim', 'merge_install': False, 'path': '/home/miriam/my_workspace/src/my_robot_sim', 'symlink_install': False, 'test_result_base': None}
[0.443s] Level 5:colcon.colcon_core.verb:set package 'rviz_camera_stream' build argument 'cmake_args' from command line to 'None'
[0.443s] Level 5:colcon.colcon_core.verb:set package 'rviz_camera_stream' build argument 'cmake_target' from command line to 'None'
[0.443s] Level 5:colcon.colcon_core.verb:set package 'rviz_camera_stream' build argument 'cmake_target_skip_unavailable' from command line to 'False'
[0.443s] Level 5:colcon.colcon_core.verb:set package 'rviz_camera_stream' build argument 'cmake_clean_cache' from command line to 'False'
[0.443s] Level 5:colcon.colcon_core.verb:set package 'rviz_camera_stream' build argument 'cmake_clean_first' from command line to 'False'
[0.443s] Level 5:colcon.colcon_core.verb:set package 'rviz_camera_stream' build argument 'cmake_force_configure' from command line to 'False'
[0.443s] Level 5:colcon.colcon_core.verb:set package 'rviz_camera_stream' build argument 'ament_cmake_args' from command line to 'None'
[0.443s] Level 5:colcon.colcon_core.verb:set package 'rviz_camera_stream' build argument 'catkin_cmake_args' from command line to 'None'
[0.443s] Level 5:colcon.colcon_core.verb:set package 'rviz_camera_stream' build argument 'catkin_skip_building_tests' from command line to 'False'
[0.443s] DEBUG:colcon.colcon_core.verb:Building package 'rviz_camera_stream' with the following arguments: {'ament_cmake_args': None, 'build_base': '/home/miriam/my_workspace/build/rviz_camera_stream', 'catkin_cmake_args': None, 'catkin_skip_building_tests': False, 'cmake_args': None, 'cmake_clean_cache': False, 'cmake_clean_first': False, 'cmake_force_configure': False, 'cmake_target': None, 'cmake_target_skip_unavailable': False, 'install_base': '/home/miriam/my_workspace/install/rviz_camera_stream', 'merge_install': False, 'path': '/home/miriam/my_workspace/src/rviz_camera_stream', 'symlink_install': False, 'test_result_base': None}
[0.443s] INFO:colcon.colcon_core.executor:Executing jobs using 'parallel' executor
[0.445s] DEBUG:colcon.colcon_parallel_executor.executor.parallel:run_until_complete
[0.445s] INFO:colcon.colcon_ros.task.ament_cmake.build:Building ROS package in '/home/miriam/my_workspace/src/my_robot_sim' with build type 'ament_cmake'
[0.445s] INFO:colcon.colcon_cmake.task.cmake.build:Building CMake package in '/home/miriam/my_workspace/src/my_robot_sim'
[0.448s] INFO:colcon.colcon_core.plugin_system:Skipping extension 'colcon_core.shell.bat': Not used on non-Windows systems
[0.448s] INFO:colcon.colcon_core.shell:Skip shell extension 'powershell' for command environment: Not usable outside of PowerShell
[0.448s] DEBUG:colcon.colcon_core.shell:Skip shell extension 'dsv' for command environment
[0.452s] INFO:colcon.colcon_ros.task.catkin.build:Building ROS package in '/home/miriam/my_workspace/src/rviz_camera_stream' with build type 'catkin'
[0.453s] INFO:colcon.colcon_cmake.task.cmake.build:Building CMake package in '/home/miriam/my_workspace/src/rviz_camera_stream'
[0.453s] INFO:colcon.colcon_core.shell:Skip shell extension 'powershell' for command environment: Not usable outside of PowerShell
[0.453s] DEBUG:colcon.colcon_core.shell:Skip shell extension 'dsv' for command environment
[0.468s] DEBUG:colcon.colcon_core.event_handler.log_command:Invoking command in '/home/miriam/my_workspace/build/my_robot_sim': CMAKE_PREFIX_PATH=/opt/ros/humble /usr/bin/cmake --build /home/miriam/my_workspace/build/my_robot_sim -- -j16 -l16
[0.476s] DEBUG:colcon.colcon_core.event_handler.log_command:Invoking command in '/home/miriam/my_workspace/build/rviz_camera_stream': /usr/bin/cmake --build /home/miriam/my_workspace/build/rviz_camera_stream -- -j16 -l16
[0.536s] DEBUG:colcon.colcon_core.event_handler.log_command:Invoked command in '/home/miriam/my_workspace/build/my_robot_sim' returned '0': CMAKE_PREFIX_PATH=/opt/ros/humble /usr/bin/cmake --build /home/miriam/my_workspace/build/my_robot_sim -- -j16 -l16
[0.553s] DEBUG:colcon.colcon_core.event_handler.log_command:Invoking command in '/home/miriam/my_workspace/build/my_robot_sim': CMAKE_PREFIX_PATH=/opt/ros/humble /usr/bin/cmake --install /home/miriam/my_workspace/build/my_robot_sim
[0.570s] Level 1:colcon.colcon_core.environment:create_environment_scripts_only(my_robot_sim)
[0.570s] DEBUG:colcon.colcon_core.event_handler.log_command:Invoked command in '/home/miriam/my_workspace/build/my_robot_sim' returned '0': CMAKE_PREFIX_PATH=/opt/ros/humble /usr/bin/cmake --install /home/miriam/my_workspace/build/my_robot_sim
[0.573s] Level 1:colcon.colcon_core.environment:checking '/home/miriam/my_workspace/install/my_robot_sim' for CMake module files
[0.574s] Level 1:colcon.colcon_core.environment:checking '/home/miriam/my_workspace/install/my_robot_sim' for CMake config files
[0.575s] Level 1:colcon.colcon_core.shell:create_environment_hook('my_robot_sim', 'cmake_prefix_path')
[0.575s] INFO:colcon.colcon_core.shell:Creating environment hook '/home/miriam/my_workspace/install/my_robot_sim/share/my_robot_sim/hook/cmake_prefix_path.ps1'
[0.577s] INFO:colcon.colcon_core.shell:Creating environment descriptor '/home/miriam/my_workspace/install/my_robot_sim/share/my_robot_sim/hook/cmake_prefix_path.dsv'
[0.578s] INFO:colcon.colcon_core.shell:Creating environment hook '/home/miriam/my_workspace/install/my_robot_sim/share/my_robot_sim/hook/cmake_prefix_path.sh'
[0.581s] Level 1:colcon.colcon_core.environment:checking '/home/miriam/my_workspace/install/my_robot_sim/lib'
[0.581s] Level 1:colcon.colcon_core.environment:checking '/home/miriam/my_workspace/install/my_robot_sim/bin'
[0.581s] Level 1:colcon.colcon_core.environment:checking '/home/miriam/my_workspace/install/my_robot_sim/lib/pkgconfig/my_robot_sim.pc'
[0.582s] Level 1:colcon.colcon_core.environment:checking '/home/miriam/my_workspace/install/my_robot_sim/lib/python3.10/site-packages'
[0.582s] Level 1:colcon.colcon_core.environment:checking '/home/miriam/my_workspace/install/my_robot_sim/bin'
[0.582s] INFO:colcon.colcon_core.shell:Creating package script '/home/miriam/my_workspace/install/my_robot_sim/share/my_robot_sim/package.ps1'
[0.584s] INFO:colcon.colcon_core.shell:Creating package descriptor '/home/miriam/my_workspace/install/my_robot_sim/share/my_robot_sim/package.dsv'
[0.585s] INFO:colcon.colcon_core.shell:Creating package script '/home/miriam/my_workspace/install/my_robot_sim/share/my_robot_sim/package.sh'
[0.587s] INFO:colcon.colcon_core.shell:Creating package script '/home/miriam/my_workspace/install/my_robot_sim/share/my_robot_sim/package.bash'
[0.588s] INFO:colcon.colcon_core.shell:Creating package script '/home/miriam/my_workspace/install/my_robot_sim/share/my_robot_sim/package.zsh'
[0.589s] Level 1:colcon.colcon_core.environment:create_file_with_runtime_dependencies(/home/miriam/my_workspace/install/my_robot_sim/share/colcon-core/packages/my_robot_sim)
[0.590s] Level 1:colcon.colcon_core.environment:create_environment_scripts_only(my_robot_sim)
[0.590s] Level 1:colcon.colcon_core.environment:checking '/home/miriam/my_workspace/install/my_robot_sim' for CMake module files
[0.591s] Level 1:colcon.colcon_core.environment:checking '/home/miriam/my_workspace/install/my_robot_sim' for CMake config files
[0.591s] Level 1:colcon.colcon_core.shell:create_environment_hook('my_robot_sim', 'cmake_prefix_path')
[0.591s] INFO:colcon.colcon_core.shell:Creating environment hook '/home/miriam/my_workspace/install/my_robot_sim/share/my_robot_sim/hook/cmake_prefix_path.ps1'
[0.592s] INFO:colcon.colcon_core.shell:Creating environment descriptor '/home/miriam/my_workspace/install/my_robot_sim/share/my_robot_sim/hook/cmake_prefix_path.dsv'
[0.592s] INFO:colcon.colcon_core.shell:Creating environment hook '/home/miriam/my_workspace/install/my_robot_sim/share/my_robot_sim/hook/cmake_prefix_path.sh'
[0.593s] Level 1:colcon.colcon_core.environment:checking '/home/miriam/my_workspace/install/my_robot_sim/lib'
[0.593s] Level 1:colcon.colcon_core.environment:checking '/home/miriam/my_workspace/install/my_robot_sim/bin'
[0.593s] Level 1:colcon.colcon_core.environment:checking '/home/miriam/my_workspace/install/my_robot_sim/lib/pkgconfig/my_robot_sim.pc'
[0.593s] Level 1:colcon.colcon_core.environment:checking '/home/miriam/my_workspace/install/my_robot_sim/lib/python3.10/site-packages'
[0.593s] Level 1:colcon.colcon_core.environment:checking '/home/miriam/my_workspace/install/my_robot_sim/bin'
[0.594s] INFO:colcon.colcon_core.shell:Creating package script '/home/miriam/my_workspace/install/my_robot_sim/share/my_robot_sim/package.ps1'
[0.594s] INFO:colcon.colcon_core.shell:Creating package descriptor '/home/miriam/my_workspace/install/my_robot_sim/share/my_robot_sim/package.dsv'
[0.595s] INFO:colcon.colcon_core.shell:Creating package script '/home/miriam/my_workspace/install/my_robot_sim/share/my_robot_sim/package.sh'
[0.595s] INFO:colcon.colcon_core.shell:Creating package script '/home/miriam/my_workspace/install/my_robot_sim/share/my_robot_sim/package.bash'
[0.596s] INFO:colcon.colcon_core.shell:Creating package script '/home/miriam/my_workspace/install/my_robot_sim/share/my_robot_sim/package.zsh'
[0.596s] Level 1:colcon.colcon_core.environment:create_file_with_runtime_dependencies(/home/miriam/my_workspace/install/my_robot_sim/share/colcon-core/packages/my_robot_sim)
[0.693s] DEBUG:colcon.colcon_core.event_handler.log_command:Invoked command in '/home/miriam/my_workspace/build/rviz_camera_stream' returned '0': /usr/bin/cmake --build /home/miriam/my_workspace/build/rviz_camera_stream -- -j16 -l16
[0.697s] DEBUG:colcon.colcon_core.event_handler.log_command:Invoking command in '/home/miriam/my_workspace/build/rviz_camera_stream': /usr/bin/cmake --install /home/miriam/my_workspace/build/rviz_camera_stream
[0.712s] DEBUG:colcon.colcon_core.event_handler.log_command:Invoked command in '/home/miriam/my_workspace/build/rviz_camera_stream' returned '0': /usr/bin/cmake --install /home/miriam/my_workspace/build/rviz_camera_stream
[0.713s] Level 1:colcon.colcon_core.shell:create_environment_hook('rviz_camera_stream', 'ros_package_path')
[0.713s] INFO:colcon.colcon_core.shell:Creating environment hook '/home/miriam/my_workspace/install/rviz_camera_stream/share/rviz_camera_stream/hook/ros_package_path.ps1'
[0.714s] INFO:colcon.colcon_core.shell:Creating environment descriptor '/home/miriam/my_workspace/install/rviz_camera_stream/share/rviz_camera_stream/hook/ros_package_path.dsv'
[0.714s] INFO:colcon.colcon_core.shell:Creating environment hook '/home/miriam/my_workspace/install/rviz_camera_stream/share/rviz_camera_stream/hook/ros_package_path.sh'
[0.715s] Level 1:colcon.colcon_core.shell:create_environment_hook('rviz_camera_stream', 'pkg_config_path')
[0.716s] INFO:colcon.colcon_core.shell:Creating environment hook '/home/miriam/my_workspace/install/rviz_camera_stream/share/rviz_camera_stream/hook/pkg_config_path.ps1'
[0.716s] INFO:colcon.colcon_core.shell:Creating environment descriptor '/home/miriam/my_workspace/install/rviz_camera_stream/share/rviz_camera_stream/hook/pkg_config_path.dsv'
[0.716s] INFO:colcon.colcon_core.shell:Creating environment hook '/home/miriam/my_workspace/install/rviz_camera_stream/share/rviz_camera_stream/hook/pkg_config_path.sh'
[0.720s] Level 1:colcon.colcon_core.shell:create_environment_hook('rviz_camera_stream', 'pkg_config_path_multiarch')
[0.720s] INFO:colcon.colcon_core.shell:Creating environment hook '/home/miriam/my_workspace/install/rviz_camera_stream/share/rviz_camera_stream/hook/pkg_config_path_multiarch.ps1'
[0.721s] INFO:colcon.colcon_core.shell:Creating environment descriptor '/home/miriam/my_workspace/install/rviz_camera_stream/share/rviz_camera_stream/hook/pkg_config_path_multiarch.dsv'
[0.722s] INFO:colcon.colcon_core.shell:Creating environment hook '/home/miriam/my_workspace/install/rviz_camera_stream/share/rviz_camera_stream/hook/pkg_config_path_multiarch.sh'
[0.723s] Level 1:colcon.colcon_core.environment:create_environment_scripts_only(rviz_camera_stream)
[0.723s] Level 1:colcon.colcon_core.environment:checking '/home/miriam/my_workspace/install/rviz_camera_stream' for CMake module files
[0.724s] Level 1:colcon.colcon_core.environment:checking '/home/miriam/my_workspace/install/rviz_camera_stream' for CMake config files
[0.724s] Level 1:colcon.colcon_core.shell:create_environment_hook('rviz_camera_stream', 'cmake_prefix_path')
[0.724s] INFO:colcon.colcon_core.shell:Creating environment hook '/home/miriam/my_workspace/install/rviz_camera_stream/share/rviz_camera_stream/hook/cmake_prefix_path.ps1'
[0.725s] INFO:colcon.colcon_core.shell:Creating environment descriptor '/home/miriam/my_workspace/install/rviz_camera_stream/share/rviz_camera_stream/hook/cmake_prefix_path.dsv'
[0.725s] INFO:colcon.colcon_core.shell:Creating environment hook '/home/miriam/my_workspace/install/rviz_camera_stream/share/rviz_camera_stream/hook/cmake_prefix_path.sh'
[0.726s] Level 1:colcon.colcon_core.environment:checking '/home/miriam/my_workspace/install/rviz_camera_stream/lib'
[0.726s] Level 1:colcon.colcon_core.shell:create_environment_hook('rviz_camera_stream', 'ld_library_path_lib')
[0.726s] INFO:colcon.colcon_core.shell:Creating environment hook '/home/miriam/my_workspace/install/rviz_camera_stream/share/rviz_camera_stream/hook/ld_library_path_lib.ps1'
[0.726s] INFO:colcon.colcon_core.shell:Creating environment descriptor '/home/miriam/my_workspace/install/rviz_camera_stream/share/rviz_camera_stream/hook/ld_library_path_lib.dsv'
[0.727s] INFO:colcon.colcon_core.shell:Creating environment hook '/home/miriam/my_workspace/install/rviz_camera_stream/share/rviz_camera_stream/hook/ld_library_path_lib.sh'
[0.727s] Level 1:colcon.colcon_core.environment:checking '/home/miriam/my_workspace/install/rviz_camera_stream/bin'
[0.727s] Level 1:colcon.colcon_core.environment:checking '/home/miriam/my_workspace/install/rviz_camera_stream/lib/pkgconfig/rviz_camera_stream.pc'
[0.728s] Level 1:colcon.colcon_core.environment:checking '/home/miriam/my_workspace/install/rviz_camera_stream/lib/python3.10/site-packages'
[0.728s] Level 1:colcon.colcon_core.environment:checking '/home/miriam/my_workspace/install/rviz_camera_stream/bin'
[0.728s] INFO:colcon.colcon_core.shell:Creating package script '/home/miriam/my_workspace/install/rviz_camera_stream/share/rviz_camera_stream/package.ps1'
[0.729s] INFO:colcon.colcon_core.shell:Creating package descriptor '/home/miriam/my_workspace/install/rviz_camera_stream/share/rviz_camera_stream/package.dsv'
[0.730s] INFO:colcon.colcon_core.shell:Creating package script '/home/miriam/my_workspace/install/rviz_camera_stream/share/rviz_camera_stream/package.sh'
[0.730s] INFO:colcon.colcon_core.shell:Creating package script '/home/miriam/my_workspace/install/rviz_camera_stream/share/rviz_camera_stream/package.bash'
[0.731s] INFO:colcon.colcon_core.shell:Creating package script '/home/miriam/my_workspace/install/rviz_camera_stream/share/rviz_camera_stream/package.zsh'
[0.731s] Level 1:colcon.colcon_core.environment:create_file_with_runtime_dependencies(/home/miriam/my_workspace/install/rviz_camera_stream/share/colcon-core/packages/rviz_camera_stream)
[0.731s] DEBUG:colcon.colcon_parallel_executor.executor.parallel:closing loop
[0.732s] DEBUG:colcon.colcon_parallel_executor.executor.parallel:loop closed
[0.732s] DEBUG:colcon.colcon_parallel_executor.executor.parallel:run_until_complete finished with '0'
[0.732s] DEBUG:colcon.colcon_core.event_reactor:joining thread
[0.740s] INFO:colcon.colcon_core.plugin_system:Skipping extension 'colcon_notification.desktop_notification.terminal_notifier': Not used on non-Darwin systems
[0.740s] INFO:colcon.colcon_core.plugin_system:Skipping extension 'colcon_notification.desktop_notification.win32': Not used on non-Windows systems
[0.740s] INFO:colcon.colcon_notification.desktop_notification:Sending desktop notification using 'notify2'
[0.760s] DEBUG:colcon.colcon_core.event_reactor:joined thread
[0.761s] INFO:colcon.colcon_core.shell:Creating prefix script '/home/miriam/my_workspace/install/local_setup.ps1'
[0.763s] INFO:colcon.colcon_core.shell:Creating prefix util module '/home/miriam/my_workspace/install/_local_setup_util_ps1.py'
[0.764s] INFO:colcon.colcon_core.shell:Creating prefix chain script '/home/miriam/my_workspace/install/setup.ps1'
[0.765s] INFO:colcon.colcon_core.shell:Creating prefix script '/home/miriam/my_workspace/install/local_setup.sh'
[0.766s] INFO:colcon.colcon_core.shell:Creating prefix util module '/home/miriam/my_workspace/install/_local_setup_util_sh.py'
[0.766s] INFO:colcon.colcon_core.shell:Creating prefix chain script '/home/miriam/my_workspace/install/setup.sh'
[0.767s] INFO:colcon.colcon_core.shell:Creating prefix script '/home/miriam/my_workspace/install/local_setup.bash'
[0.768s] INFO:colcon.colcon_core.shell:Creating prefix chain script '/home/miriam/my_workspace/install/setup.bash'
[0.769s] INFO:colcon.colcon_core.shell:Creating prefix script '/home/miriam/my_workspace/install/local_setup.zsh'
[0.769s] INFO:colcon.colcon_core.shell:Creating prefix chain script '/home/miriam/my_workspace/install/setup.zsh'
