[0.012s] Invoking command in '/home/miriam/my_workspace/build/my_robot_sim': CMAKE_PREFIX_PATH=/home/miriam/my_workspace/install:/opt/ros/humble:${CMAKE_PREFIX_PATH} /usr/bin/cmake --build /home/miriam/my_workspace/build/my_robot_sim -- -j16 -l16
[0.053s] Invoked command in '/home/miriam/my_workspace/build/my_robot_sim' returned '0': CMAKE_PREFIX_PATH=/home/miriam/my_workspace/install:/opt/ros/humble:${CMAKE_PREFIX_PATH} /usr/bin/cmake --build /home/miriam/my_workspace/build/my_robot_sim -- -j16 -l16
[0.062s] Invoking command in '/home/miriam/my_workspace/build/my_robot_sim': CMAKE_PREFIX_PATH=/home/miriam/my_workspace/install:/opt/ros/humble:${CMAKE_PREFIX_PATH} /usr/bin/cmake --install /home/miriam/my_workspace/build/my_robot_sim
[0.069s] -- Install configuration: ""
[0.070s] -- Up-to-date: /home/miriam/my_workspace/install/my_robot_sim/share/my_robot_sim/urdf
[0.070s] -- Installing: /home/miriam/my_workspace/install/my_robot_sim/share/my_robot_sim/urdf/my_robot.urdf
[0.070s] -- Up-to-date: /home/miriam/my_workspace/install/my_robot_sim/share/my_robot_sim/meshes
[0.070s] -- Up-to-date: /home/miriam/my_workspace/install/my_robot_sim/share/my_robot_sim/meshes/rsc_flipperv8.STL
[0.070s] -- Up-to-date: /home/miriam/my_workspace/install/my_robot_sim/share/my_robot_sim/meshes/body2.STL
[0.070s] -- Up-to-date: /home/miriam/my_workspace/install/my_robot_sim/share/my_robot_sim/meshes/cornice.STL
[0.070s] -- Up-to-date: /home/miriam/my_workspace/install/my_robot_sim/share/my_robot_sim/meshes/base.STL
[0.070s] -- Up-to-date: /home/miriam/my_workspace/install/my_robot_sim/share/my_robot_sim/meshes/piattello_button.STL
[0.071s] -- Up-to-date: /home/miriam/my_workspace/install/my_robot_sim/share/my_robot_sim/meshes/screen.STL
[0.071s] -- Up-to-date: /home/miriam/my_workspace/install/my_robot_sim/share/my_robot_sim/meshes/LCD.STL
[0.071s] -- Up-to-date: /home/miriam/my_workspace/install/my_robot_sim/share/my_robot_sim/meshes/assyv4v67.STL
[0.071s] -- Up-to-date: /home/miriam/my_workspace/install/my_robot_sim/share/my_robot_sim/meshes/body.STL
[0.071s] -- Up-to-date: /home/miriam/my_workspace/install/my_robot_sim/share/my_robot_sim/meshes/button.STL
[0.071s] -- Up-to-date: /home/miriam/my_workspace/install/my_robot_sim/share/my_robot_sim/meshes/back.STL
[0.071s] -- Up-to-date: /home/miriam/my_workspace/install/my_robot_sim/share/my_robot_sim/rviz
[0.071s] -- Up-to-date: /home/miriam/my_workspace/install/my_robot_sim/share/my_robot_sim/rviz/view_robot.rviz
[0.071s] -- Up-to-date: /home/miriam/my_workspace/install/my_robot_sim/share/my_robot_sim/rviz/view_robot2.rviz
[0.071s] -- Up-to-date: /home/miriam/my_workspace/install/my_robot_sim/share/my_robot_sim/rviz/view_robot3.rviz
[0.071s] -- Up-to-date: /home/miriam/my_workspace/install/my_robot_sim/share/my_robot_sim/launch
[0.071s] -- Up-to-date: /home/miriam/my_workspace/install/my_robot_sim/share/my_robot_sim/launch/display_robot.launch.py
[0.071s] -- Up-to-date: /home/miriam/my_workspace/install/my_robot_sim/share/my_robot_sim/textures
[0.071s] -- Up-to-date: /home/miriam/my_workspace/install/my_robot_sim/share/my_robot_sim/textures/photo_2025-01-15_14-19-25.jpg
[0.071s] -- Up-to-date: /home/miriam/my_workspace/install/my_robot_sim/share/my_robot_sim/textures/anger.png
[0.071s] -- Up-to-date: /home/miriam/my_workspace/install/my_robot_sim/share/my_robot_sim/textures/caring.png
[0.071s] -- Up-to-date: /home/miriam/my_workspace/install/my_robot_sim/share/my_robot_sim/textures/photo_2025-01-15_16-15-55.jpg
[0.071s] -- Up-to-date: /home/miriam/my_workspace/install/my_robot_sim/share/my_robot_sim/textures/fun.png
[0.072s] -- Up-to-date: /home/miriam/my_workspace/install/my_robot_sim/share/my_robot_sim/textures/photo_2025-01-15_16-16-00.jpg
[0.072s] -- Up-to-date: /home/miriam/my_workspace/install/my_robot_sim/share/my_robot_sim/textures/surprise.png
[0.072s] -- Up-to-date: /home/miriam/my_workspace/install/my_robot_sim/share/my_robot_sim/textures/joy3.jpg
[0.072s] -- Up-to-date: /home/miriam/my_workspace/install/my_robot_sim/share/my_robot_sim/textures/pride.png
[0.072s] -- Up-to-date: /home/miriam/my_workspace/install/my_robot_sim/share/my_robot_sim/textures/joy.png
[0.072s] -- Up-to-date: /home/miriam/my_workspace/install/my_robot_sim/share/my_robot_sim/textures/photo_2025-01-15_16-15-52.jpg
[0.072s] -- Up-to-date: /home/miriam/my_workspace/install/my_robot_sim/share/my_robot_sim/textures/photo_2025-01-15_16-16-03.jpg
[0.072s] -- Up-to-date: /home/miriam/my_workspace/install/my_robot_sim/share/my_robot_sim/package.xml
[0.072s] -- Up-to-date: /home/miriam/my_workspace/install/my_robot_sim/lib/my_robot_sim/arm_controller.py
[0.072s] -- Up-to-date: /home/miriam/my_workspace/install/my_robot_sim/lib/my_robot_sim/video_publisher.py
[0.072s] -- Up-to-date: /home/miriam/my_workspace/install/my_robot_sim/lib/my_robot_sim/joy.py
[0.072s] -- Up-to-date: /home/miriam/my_workspace/install/my_robot_sim/lib/my_robot_sim
[0.072s] -- Up-to-date: /home/miriam/my_workspace/install/my_robot_sim/lib/my_robot_sim/video_panel.py
[0.072s] -- Up-to-date: /home/miriam/my_workspace/install/my_robot_sim/share/my_robot_sim/plugin_description.xml
[0.072s] -- Up-to-date: /home/miriam/my_workspace/install/my_robot_sim/share/ament_index/resource_index/package_run_dependencies/my_robot_sim
[0.072s] -- Up-to-date: /home/miriam/my_workspace/install/my_robot_sim/share/ament_index/resource_index/parent_prefix_path/my_robot_sim
[0.072s] -- Up-to-date: /home/miriam/my_workspace/install/my_robot_sim/share/my_robot_sim/environment/ament_prefix_path.sh
[0.072s] -- Up-to-date: /home/miriam/my_workspace/install/my_robot_sim/share/my_robot_sim/environment/ament_prefix_path.dsv
[0.072s] -- Up-to-date: /home/miriam/my_workspace/install/my_robot_sim/share/my_robot_sim/environment/path.sh
[0.072s] -- Up-to-date: /home/miriam/my_workspace/install/my_robot_sim/share/my_robot_sim/environment/path.dsv
[0.072s] -- Up-to-date: /home/miriam/my_workspace/install/my_robot_sim/share/my_robot_sim/local_setup.bash
[0.072s] -- Up-to-date: /home/miriam/my_workspace/install/my_robot_sim/share/my_robot_sim/local_setup.sh
[0.073s] -- Up-to-date: /home/miriam/my_workspace/install/my_robot_sim/share/my_robot_sim/local_setup.zsh
[0.073s] -- Up-to-date: /home/miriam/my_workspace/install/my_robot_sim/share/my_robot_sim/local_setup.dsv
[0.073s] -- Installing: /home/miriam/my_workspace/install/my_robot_sim/share/my_robot_sim/package.dsv
[0.073s] -- Up-to-date: /home/miriam/my_workspace/install/my_robot_sim/share/ament_index/resource_index/packages/my_robot_sim
[0.073s] -- Up-to-date: /home/miriam/my_workspace/install/my_robot_sim/share/my_robot_sim/cmake/my_robot_simConfig.cmake
[0.073s] -- Up-to-date: /home/miriam/my_workspace/install/my_robot_sim/share/my_robot_sim/cmake/my_robot_simConfig-version.cmake
[0.073s] -- Up-to-date: /home/miriam/my_workspace/install/my_robot_sim/share/my_robot_sim/package.xml
[0.074s] Invoked command in '/home/miriam/my_workspace/build/my_robot_sim' returned '0': CMAKE_PREFIX_PATH=/home/miriam/my_workspace/install:/opt/ros/humble:${CMAKE_PREFIX_PATH} /usr/bin/cmake --install /home/miriam/my_workspace/build/my_robot_sim
